SF:/home/steven/code/Rust/copybook-rs/copybook-bench/src/regression.rs
FN:1027,_RNCNvMs0_NtCse6didS0dbEz_14copybook_bench10regressionNtB7_18BaselineRepository13load_baseline0B9_
FN:1000,_RNCNvMs0_NtCse6didS0dbEz_14copybook_bench10regressionNtB7_18BaselineRepository3new0B9_
FN:1770,_RNCNvNtNtCse6didS0dbEz_14copybook_bench10regression5testss_18test_ci_integrator0B7_
FN:1775,_RNCNvNtNtCse6didS0dbEz_14copybook_bench10regression5testss_18test_ci_integrators_0B7_
FN:1554,_RNvNtNtCse6didS0dbEz_14copybook_bench10regression5utils18create_ci_detector
FN:1562,_RNvNtNtCse6didS0dbEz_14copybook_bench10regression5utils19create_dev_detector
FN:1549,_RNvNtNtCse6didS0dbEz_14copybook_bench10regression5utils24create_standard_detector
FN:605,_RNvMNtCse6didS0dbEz_14copybook_bench10regressionNtB2_29PerformanceRegressionDetector3new
FN:1020,_RNvMs0_NtCse6didS0dbEz_14copybook_bench10regressionNtB5_18BaselineRepository13load_baseline
FN:1011,_RNvMs0_NtCse6didS0dbEz_14copybook_bench10regressionNtB5_18BaselineRepository14store_baseline
FN:996,_RNvMs0_NtCse6didS0dbEz_14copybook_bench10regressionNtB5_18BaselineRepository3new
FN:1214,_RNvMs1_NtCse6didS0dbEz_14copybook_bench10regressionNtB5_29StatisticalRegressionAnalyzer14perform_t_test
FN:1075,_RNvMs1_NtCse6didS0dbEz_14copybook_bench10regressionNtB5_29StatisticalRegressionAnalyzer15compare_metrics
FN:1253,_RNvMs1_NtCse6didS0dbEz_14copybook_bench10regressionNtB5_29StatisticalRegressionAnalyzer21calculate_effect_size
FN:1123,_RNvMs1_NtCse6didS0dbEz_14copybook_bench10regressionNtB5_29StatisticalRegressionAnalyzer21run_statistical_tests
FN:1284,_RNvMs1_NtCse6didS0dbEz_14copybook_bench10regressionNtB5_29StatisticalRegressionAnalyzer22perform_power_analysis
FN:1161,_RNvMs1_NtCse6didS0dbEz_14copybook_bench10regressionNtB5_29StatisticalRegressionAnalyzer23calculate_metric_change
FN:1194,_RNvMs1_NtCse6didS0dbEz_14copybook_bench10regressionNtB5_29StatisticalRegressionAnalyzer24calculate_overall_change
FN:1240,_RNvMs1_NtCse6didS0dbEz_14copybook_bench10regressionNtB5_29StatisticalRegressionAnalyzer27perform_mann_whitney_u_test
FN:1062,_RNvMs1_NtCse6didS0dbEz_14copybook_bench10regressionNtB5_29StatisticalRegressionAnalyzer3new
FN:1294,_RNvMs2_NtCse6didS0dbEz_14copybook_bench10regressionNtB5_12CiIntegrator3new
FN:1406,_RNvMs3_NtCse6didS0dbEz_14copybook_bench10regressionNtB5_11AlertSystem3new
FN:1512,_RNvMs4_NtCse6didS0dbEz_14copybook_bench10regressionNtB5_17EscalationManager3new
FN:1780,_RNvNtNtCse6didS0dbEz_14copybook_bench10regression5testss_17test_alert_system
FN:1764,_RNvNtNtCse6didS0dbEz_14copybook_bench10regression5testss_18test_ci_integrator
FN:1592,_RNvNtNtCse6didS0dbEz_14copybook_bench10regression5testss_22test_detector_creation
FN:1598,_RNvNtNtCse6didS0dbEz_14copybook_bench10regression5testss_24test_baseline_repository
FN:1679,_RNvNtNtCse6didS0dbEz_14copybook_bench10regression5testss_25test_statistical_analyzer
FN:1787,_RNvNtNtCse6didS0dbEz_14copybook_bench10regression5testss_27test_utils_create_detectors
FN:937,_RNCNvMNtCse6didS0dbEz_14copybook_bench10regressionNtB4_29PerformanceRegressionDetector19determine_ci_status0B6_
FN:941,_RNCNvMNtCse6didS0dbEz_14copybook_bench10regressionNtB4_29PerformanceRegressionDetector19determine_ci_statuss_0B6_
FN:738,_RNCNvMNtCse6didS0dbEz_14copybook_bench10regressionNtB4_29PerformanceRegressionDetector23get_current_environment0B6_
FN:758,_RNCNvMNtCse6didS0dbEz_14copybook_bench10regressionNtB4_29PerformanceRegressionDetector23get_current_environments0_0B6_
FN:739,_RNCNvMNtCse6didS0dbEz_14copybook_bench10regressionNtB4_29PerformanceRegressionDetector23get_current_environments_0B6_
FN:793,_RNCNvMNtCse6didS0dbEz_14copybook_bench10regressionNtB4_29PerformanceRegressionDetector27determine_regression_status0B6_
FN:1364,_RNCNvMs2_NtCse6didS0dbEz_14copybook_bench10regressionNtB7_12CiIntegrator13evaluate_gate0B9_
FN:1374,_RNCNvMs2_NtCse6didS0dbEz_14copybook_bench10regressionNtB7_12CiIntegrator13evaluate_gates0_0B9_
FN:727,_RNvMNtCse6didS0dbEz_14copybook_bench10regressionNtB2_29PerformanceRegressionDetector14trigger_alerts
FN:974,_RNvMNtCse6didS0dbEz_14copybook_bench10regressionNtB2_29PerformanceRegressionDetector17count_regressions
FN:981,_RNvMNtCse6didS0dbEz_14copybook_bench10regressionNtB2_29PerformanceRegressionDetector18count_improvements
FN:655,_RNvMNtCse6didS0dbEz_14copybook_bench10regressionNtB2_29PerformanceRegressionDetector18establish_baseline
FN:934,_RNvMNtCse6didS0dbEz_14copybook_bench10regressionNtB2_29PerformanceRegressionDetector19determine_ci_status
FN:764,_RNvMNtCse6didS0dbEz_14copybook_bench10regressionNtB2_29PerformanceRegressionDetector20generate_baseline_id
FN:968,_RNvMNtCse6didS0dbEz_14copybook_bench10regressionNtB2_29PerformanceRegressionDetector22count_analyzed_metrics
FN:778,_RNvMNtCse6didS0dbEz_14copybook_bench10regressionNtB2_29PerformanceRegressionDetector22get_current_git_commit
FN:736,_RNvMNtCse6didS0dbEz_14copybook_bench10regressionNtB2_29PerformanceRegressionDetector23get_current_environment
FN:847,_RNvMNtCse6didS0dbEz_14copybook_bench10regressionNtB2_29PerformanceRegressionDetector24generate_recommendations
FN:816,_RNvMNtCse6didS0dbEz_14copybook_bench10regressionNtB2_29PerformanceRegressionDetector26calculate_confidence_score
FN:783,_RNvMNtCse6didS0dbEz_14copybook_bench10regressionNtB2_29PerformanceRegressionDetector27determine_regression_status
FN:957,_RNvMNtCse6didS0dbEz_14copybook_bench10regressionNtB2_29PerformanceRegressionDetector27generate_ci_recommendations
FN:895,_RNvMNtCse6didS0dbEz_14copybook_bench10regressionNtB2_29PerformanceRegressionDetector27measure_current_performance
FN:686,_RNvMNtCse6didS0dbEz_14copybook_bench10regressionNtB2_29PerformanceRegressionDetector28execute_ci_performance_check
FN:615,_RNvMNtCse6didS0dbEz_14copybook_bench10regressionNtB2_29PerformanceRegressionDetector29detect_performance_regression
FN:1030,_RNvMs0_NtCse6didS0dbEz_14copybook_bench10regressionNtB5_18BaselineRepository24find_compatible_baseline
FN:1043,_RNvMs0_NtCse6didS0dbEz_14copybook_bench10regressionNtB5_18BaselineRepository25is_environment_compatible
FN:1145,_RNvMs1_NtCse6didS0dbEz_14copybook_bench10regressionNtB5_29StatisticalRegressionAnalyzer32calculate_statistical_properties
FN:1353,_RNvMs2_NtCse6didS0dbEz_14copybook_bench10regressionNtB5_12CiIntegrator13evaluate_gate
FN:1339,_RNvMs2_NtCse6didS0dbEz_14copybook_bench10regressionNtB5_12CiIntegrator25execute_performance_gates
FN:1472,_RNvMs3_NtCse6didS0dbEz_14copybook_bench10regressionNtB5_11AlertSystem13trigger_alert
FN:1424,_RNvMs3_NtCse6didS0dbEz_14copybook_bench10regressionNtB5_11AlertSystem15evaluate_alerts
FN:1496,_RNvMs3_NtCse6didS0dbEz_14copybook_bench10regressionNtB5_11AlertSystem18send_notifications
FN:1442,_RNvMs3_NtCse6didS0dbEz_14copybook_bench10regressionNtB5_11AlertSystem20should_trigger_alert
FN:1573,_RNvNtNtCse6didS0dbEz_14copybook_bench10regression8num_cpus3get
FN:1531,_RNvXs5_NtCse6didS0dbEz_14copybook_bench10regressionNtB5_24RegressionDetectionErrorNtNtCshnvtj5zUHGu_4core3fmt7Display3fmt
FN:990,_RNvXs_NtCse6didS0dbEz_14copybook_bench10regressionNtB4_29PerformanceRegressionDetectorNtNtCshnvtj5zUHGu_4core7default7Default7default
FNDA:0,_RNCNvMs0_NtCse6didS0dbEz_14copybook_bench10regressionNtB7_18BaselineRepository13load_baseline0B9_
FNDA:5,_RNCNvMs0_NtCse6didS0dbEz_14copybook_bench10regressionNtB7_18BaselineRepository3new0B9_
FNDA:1,_RNCNvNtNtCse6didS0dbEz_14copybook_bench10regression5testss_18test_ci_integrator0B7_
FNDA:2,_RNCNvNtNtCse6didS0dbEz_14copybook_bench10regression5testss_18test_ci_integrators_0B7_
FNDA:1,_RNvNtNtCse6didS0dbEz_14copybook_bench10regression5utils18create_ci_detector
FNDA:1,_RNvNtNtCse6didS0dbEz_14copybook_bench10regression5utils19create_dev_detector
FNDA:1,_RNvNtNtCse6didS0dbEz_14copybook_bench10regression5utils24create_standard_detector
FNDA:4,_RNvMNtCse6didS0dbEz_14copybook_bench10regressionNtB2_29PerformanceRegressionDetector3new
FNDA:1,_RNvMs0_NtCse6didS0dbEz_14copybook_bench10regressionNtB5_18BaselineRepository13load_baseline
FNDA:1,_RNvMs0_NtCse6didS0dbEz_14copybook_bench10regressionNtB5_18BaselineRepository14store_baseline
FNDA:5,_RNvMs0_NtCse6didS0dbEz_14copybook_bench10regressionNtB5_18BaselineRepository3new
FNDA:1,_RNvMs1_NtCse6didS0dbEz_14copybook_bench10regressionNtB5_29StatisticalRegressionAnalyzer14perform_t_test
FNDA:1,_RNvMs1_NtCse6didS0dbEz_14copybook_bench10regressionNtB5_29StatisticalRegressionAnalyzer15compare_metrics
FNDA:1,_RNvMs1_NtCse6didS0dbEz_14copybook_bench10regressionNtB5_29StatisticalRegressionAnalyzer21calculate_effect_size
FNDA:1,_RNvMs1_NtCse6didS0dbEz_14copybook_bench10regressionNtB5_29StatisticalRegressionAnalyzer21run_statistical_tests
FNDA:1,_RNvMs1_NtCse6didS0dbEz_14copybook_bench10regressionNtB5_29StatisticalRegressionAnalyzer22perform_power_analysis
FNDA:4,_RNvMs1_NtCse6didS0dbEz_14copybook_bench10regressionNtB5_29StatisticalRegressionAnalyzer23calculate_metric_change
FNDA:1,_RNvMs1_NtCse6didS0dbEz_14copybook_bench10regressionNtB5_29StatisticalRegressionAnalyzer24calculate_overall_change
FNDA:1,_RNvMs1_NtCse6didS0dbEz_14copybook_bench10regressionNtB5_29StatisticalRegressionAnalyzer27perform_mann_whitney_u_test
FNDA:5,_RNvMs1_NtCse6didS0dbEz_14copybook_bench10regressionNtB5_29StatisticalRegressionAnalyzer3new
FNDA:5,_RNvMs2_NtCse6didS0dbEz_14copybook_bench10regressionNtB5_12CiIntegrator3new
FNDA:5,_RNvMs3_NtCse6didS0dbEz_14copybook_bench10regressionNtB5_11AlertSystem3new
FNDA:5,_RNvMs4_NtCse6didS0dbEz_14copybook_bench10regressionNtB5_17EscalationManager3new
FNDA:1,_RNvNtNtCse6didS0dbEz_14copybook_bench10regression5testss_17test_alert_system
FNDA:1,_RNvNtNtCse6didS0dbEz_14copybook_bench10regression5testss_18test_ci_integrator
FNDA:1,_RNvNtNtCse6didS0dbEz_14copybook_bench10regression5testss_22test_detector_creation
FNDA:1,_RNvNtNtCse6didS0dbEz_14copybook_bench10regression5testss_24test_baseline_repository
FNDA:1,_RNvNtNtCse6didS0dbEz_14copybook_bench10regression5testss_25test_statistical_analyzer
FNDA:1,_RNvNtNtCse6didS0dbEz_14copybook_bench10regression5testss_27test_utils_create_detectors
FNDA:0,_RNCNvMNtCse6didS0dbEz_14copybook_bench10regressionNtB4_29PerformanceRegressionDetector19determine_ci_status0B6_
FNDA:0,_RNCNvMNtCse6didS0dbEz_14copybook_bench10regressionNtB4_29PerformanceRegressionDetector19determine_ci_statuss_0B6_
FNDA:0,_RNCNvMNtCse6didS0dbEz_14copybook_bench10regressionNtB4_29PerformanceRegressionDetector23get_current_environment0B6_
FNDA:0,_RNCNvMNtCse6didS0dbEz_14copybook_bench10regressionNtB4_29PerformanceRegressionDetector23get_current_environments0_0B6_
FNDA:0,_RNCNvMNtCse6didS0dbEz_14copybook_bench10regressionNtB4_29PerformanceRegressionDetector23get_current_environments_0B6_
FNDA:0,_RNCNvMNtCse6didS0dbEz_14copybook_bench10regressionNtB4_29PerformanceRegressionDetector27determine_regression_status0B6_
FNDA:0,_RNCNvMs2_NtCse6didS0dbEz_14copybook_bench10regressionNtB7_12CiIntegrator13evaluate_gate0B9_
FNDA:0,_RNCNvMs2_NtCse6didS0dbEz_14copybook_bench10regressionNtB7_12CiIntegrator13evaluate_gates0_0B9_
FNDA:0,_RNvMNtCse6didS0dbEz_14copybook_bench10regressionNtB2_29PerformanceRegressionDetector14trigger_alerts
FNDA:0,_RNvMNtCse6didS0dbEz_14copybook_bench10regressionNtB2_29PerformanceRegressionDetector17count_regressions
FNDA:0,_RNvMNtCse6didS0dbEz_14copybook_bench10regressionNtB2_29PerformanceRegressionDetector18count_improvements
FNDA:0,_RNvMNtCse6didS0dbEz_14copybook_bench10regressionNtB2_29PerformanceRegressionDetector18establish_baseline
FNDA:0,_RNvMNtCse6didS0dbEz_14copybook_bench10regressionNtB2_29PerformanceRegressionDetector19determine_ci_status
FNDA:0,_RNvMNtCse6didS0dbEz_14copybook_bench10regressionNtB2_29PerformanceRegressionDetector20generate_baseline_id
FNDA:0,_RNvMNtCse6didS0dbEz_14copybook_bench10regressionNtB2_29PerformanceRegressionDetector22count_analyzed_metrics
FNDA:0,_RNvMNtCse6didS0dbEz_14copybook_bench10regressionNtB2_29PerformanceRegressionDetector22get_current_git_commit
FNDA:0,_RNvMNtCse6didS0dbEz_14copybook_bench10regressionNtB2_29PerformanceRegressionDetector23get_current_environment
FNDA:0,_RNvMNtCse6didS0dbEz_14copybook_bench10regressionNtB2_29PerformanceRegressionDetector24generate_recommendations
FNDA:0,_RNvMNtCse6didS0dbEz_14copybook_bench10regressionNtB2_29PerformanceRegressionDetector26calculate_confidence_score
FNDA:0,_RNvMNtCse6didS0dbEz_14copybook_bench10regressionNtB2_29PerformanceRegressionDetector27determine_regression_status
FNDA:0,_RNvMNtCse6didS0dbEz_14copybook_bench10regressionNtB2_29PerformanceRegressionDetector27generate_ci_recommendations
FNDA:0,_RNvMNtCse6didS0dbEz_14copybook_bench10regressionNtB2_29PerformanceRegressionDetector27measure_current_performance
FNDA:0,_RNvMNtCse6didS0dbEz_14copybook_bench10regressionNtB2_29PerformanceRegressionDetector28execute_ci_performance_check
FNDA:0,_RNvMNtCse6didS0dbEz_14copybook_bench10regressionNtB2_29PerformanceRegressionDetector29detect_performance_regression
FNDA:0,_RNvMs0_NtCse6didS0dbEz_14copybook_bench10regressionNtB5_18BaselineRepository24find_compatible_baseline
FNDA:0,_RNvMs0_NtCse6didS0dbEz_14copybook_bench10regressionNtB5_18BaselineRepository25is_environment_compatible
FNDA:0,_RNvMs1_NtCse6didS0dbEz_14copybook_bench10regressionNtB5_29StatisticalRegressionAnalyzer32calculate_statistical_properties
FNDA:0,_RNvMs2_NtCse6didS0dbEz_14copybook_bench10regressionNtB5_12CiIntegrator13evaluate_gate
FNDA:0,_RNvMs2_NtCse6didS0dbEz_14copybook_bench10regressionNtB5_12CiIntegrator25execute_performance_gates
FNDA:0,_RNvMs3_NtCse6didS0dbEz_14copybook_bench10regressionNtB5_11AlertSystem13trigger_alert
FNDA:0,_RNvMs3_NtCse6didS0dbEz_14copybook_bench10regressionNtB5_11AlertSystem15evaluate_alerts
FNDA:0,_RNvMs3_NtCse6didS0dbEz_14copybook_bench10regressionNtB5_11AlertSystem18send_notifications
FNDA:0,_RNvMs3_NtCse6didS0dbEz_14copybook_bench10regressionNtB5_11AlertSystem20should_trigger_alert
FNDA:0,_RNvNtNtCse6didS0dbEz_14copybook_bench10regression8num_cpus3get
FNDA:0,_RNvXs5_NtCse6didS0dbEz_14copybook_bench10regressionNtB5_24RegressionDetectionErrorNtNtCshnvtj5zUHGu_4core3fmt7Display3fmt
FNDA:0,_RNvXs_NtCse6didS0dbEz_14copybook_bench10regressionNtB4_29PerformanceRegressionDetectorNtNtCshnvtj5zUHGu_4core7default7Default7default
FNF:65
FNH:28
DA:605,4
DA:606,4
DA:607,4
DA:608,4
DA:609,4
DA:610,4
DA:611,4
DA:612,4
DA:615,0
DA:616,0
DA:617,0
DA:618,0
DA:620,0
DA:621,0
DA:622,0
DA:623,0
DA:624,0
DA:627,0
DA:628,0
DA:629,0
DA:632,0
DA:633,0
DA:634,0
DA:637,0
DA:640,0
DA:643,0
DA:645,0
DA:646,0
DA:647,0
DA:648,0
DA:649,0
DA:650,0
DA:651,0
DA:652,0
DA:655,0
DA:656,0
DA:657,0
DA:658,0
DA:659,0
DA:661,0
DA:664,0
DA:665,0
DA:666,0
DA:669,0
DA:670,0
DA:671,0
DA:672,0
DA:673,0
DA:674,0
DA:675,0
DA:676,0
DA:680,0
DA:682,0
DA:683,0
DA:686,0
DA:687,0
DA:688,0
DA:689,0
DA:692,0
DA:695,0
DA:698,0
DA:699,0
DA:700,0
DA:703,0
DA:706,0
DA:707,0
DA:710,0
DA:711,0
DA:712,0
DA:713,0
DA:714,0
DA:715,0
DA:716,0
DA:718,0
DA:719,0
DA:720,0
DA:721,0
DA:722,0
DA:723,0
DA:724,0
DA:727,0
DA:728,0
DA:729,0
DA:730,0
DA:731,0
DA:732,0
DA:736,0
DA:738,0
DA:739,0
DA:740,0
DA:741,0
DA:742,0
DA:743,0
DA:744,0
DA:745,0
DA:746,0
DA:747,0
DA:748,0
DA:749,0
DA:750,0
DA:752,0
DA:753,0
DA:755,0
DA:758,0
DA:759,0
DA:762,0
DA:764,0
DA:765,0
DA:766,0
DA:767,0
DA:768,0
DA:769,0
DA:770,0
DA:771,0
DA:772,0
DA:773,0
DA:775,0
DA:776,0
DA:778,0
DA:780,0
DA:781,0
DA:783,0
DA:784,0
DA:785,0
DA:786,0
DA:787,0
DA:788,0
DA:789,0
DA:790,0
DA:791,0
DA:792,0
DA:793,0
DA:794,0
DA:795,0
DA:797,0
DA:799,0
DA:800,0
DA:801,0
DA:802,0
DA:803,0
DA:804,0
DA:805,0
DA:806,0
DA:807,0
DA:808,0
DA:810,0
DA:811,0
DA:812,0
DA:814,0
DA:816,0
DA:817,0
DA:820,0
DA:821,0
DA:822,0
DA:825,0
DA:826,0
DA:827,0
DA:831,0
DA:832,0
DA:833,0
DA:834,0
DA:835,0
DA:836,0
DA:840,0
DA:841,0
DA:842,0
DA:844,0
DA:845,0
DA:847,0
DA:848,0
DA:849,0
DA:850,0
DA:851,0
DA:852,0
DA:854,0
DA:855,0
DA:856,0
DA:857,0
DA:858,0
DA:859,0
DA:860,0
DA:861,0
DA:862,0
DA:863,0
DA:864,0
DA:865,0
DA:866,0
DA:867,0
DA:868,0
DA:869,0
DA:870,0
DA:871,0
DA:872,0
DA:873,0
DA:874,0
DA:875,0
DA:876,0
DA:877,0
DA:878,0
DA:879,0
DA:880,0
DA:881,0
DA:882,0
DA:883,0
DA:884,0
DA:885,0
DA:886,0
DA:887,0
DA:888,0
DA:889,0
DA:892,0
DA:893,0
DA:895,0
DA:896,0
DA:897,0
DA:899,0
DA:900,0
DA:901,0
DA:902,0
DA:903,0
DA:904,0
DA:905,0
DA:906,0
DA:907,0
DA:908,0
DA:909,0
DA:910,0
DA:911,0
DA:912,0
DA:913,0
DA:914,0
DA:915,0
DA:916,0
DA:917,0
DA:918,0
DA:919,0
DA:920,0
DA:921,0
DA:922,0
DA:923,0
DA:924,0
DA:925,0
DA:926,0
DA:927,0
DA:928,0
DA:929,0
DA:930,0
DA:931,0
DA:932,0
DA:934,0
DA:935,0
DA:936,0
DA:937,0
DA:938,0
DA:939,0
DA:940,0
DA:941,0
DA:942,0
DA:944,0
DA:945,0
DA:946,0
DA:947,0
DA:948,0
DA:949,0
DA:950,0
DA:951,0
DA:953,0
DA:955,0
DA:957,0
DA:958,0
DA:959,0
DA:960,0
DA:961,0
DA:963,0
DA:964,0
DA:965,0
DA:966,0
DA:968,0
DA:969,0
DA:970,0
DA:971,0
DA:972,0
DA:974,0
DA:975,0
DA:976,0
DA:977,0
DA:979,0
DA:981,0
DA:982,0
DA:983,0
DA:984,0
DA:986,0
DA:990,0
DA:991,0
DA:992,0
DA:996,5
DA:999,5
DA:1000,5
DA:1002,5
DA:1003,5
DA:1004,5
DA:1005,5
DA:1006,5
DA:1007,5
DA:1009,5
DA:1011,1
DA:1012,1
DA:1013,1
DA:1014,1
DA:1015,1
DA:1016,1
DA:1017,1
DA:1018,1
DA:1020,1
DA:1021,1
DA:1022,1
DA:1023,1
DA:1024,1
DA:1025,1
DA:1026,1
DA:1027,1
DA:1028,1
DA:1030,0
DA:1031,0
DA:1032,0
DA:1033,0
DA:1035,0
DA:1036,0
DA:1037,0
DA:1038,0
DA:1040,0
DA:1041,0
DA:1043,0
DA:1044,0
DA:1045,0
DA:1046,0
DA:1047,0
DA:1049,0
DA:1050,0
DA:1052,0
DA:1053,0
DA:1058,0
DA:1062,5
DA:1063,5
DA:1064,5
DA:1065,5
DA:1066,5
DA:1067,5
DA:1068,5
DA:1069,5
DA:1070,5
DA:1071,5
DA:1072,5
DA:1073,5
DA:1075,1
DA:1076,1
DA:1077,1
DA:1078,1
DA:1079,1
DA:1080,1
DA:1081,1
DA:1082,1
DA:1085,1
DA:1086,1
DA:1087,1
DA:1088,1
DA:1092,1
DA:1093,1
DA:1094,1
DA:1095,1
DA:1099,1
DA:1100,1
DA:1101,1
DA:1102,1
DA:1106,1
DA:1107,1
DA:1108,1
DA:1109,1
DA:1112,1
DA:1113,1
DA:1115,1
DA:1116,1
DA:1117,1
DA:1118,1
DA:1119,1
DA:1120,1
DA:1121,1
DA:1123,1
DA:1124,1
DA:1125,1
DA:1126,1
DA:1127,1
DA:1129,1
DA:1130,1
DA:1131,1
DA:1132,0
DA:1133,1
DA:1134,1
DA:1135,1
DA:1137,1
DA:1138,1
DA:1139,1
DA:1140,1
DA:1141,1
DA:1142,1
DA:1143,1
DA:1145,0
DA:1146,0
DA:1147,0
DA:1148,0
DA:1149,0
DA:1150,0
DA:1151,0
DA:1152,0
DA:1153,0
DA:1154,0
DA:1155,0
DA:1156,0
DA:1157,0
DA:1158,0
DA:1159,0
DA:1161,4
DA:1162,4
DA:1163,4
DA:1164,4
DA:1165,4
DA:1166,4
DA:1167,4
DA:1168,4
DA:1169,2
DA:1170,0
DA:1172,2
DA:1174,2
DA:1175,1
DA:1176,1
DA:1178,0
DA:1181,1
DA:1184,4
DA:1185,4
DA:1186,4
DA:1187,4
DA:1188,4
DA:1189,4
DA:1190,4
DA:1191,4
DA:1192,4
DA:1194,1
DA:1195,1
DA:1196,1
DA:1197,1
DA:1198,1
DA:1199,1
DA:1200,1
DA:1201,1
DA:1202,1
DA:1203,1
DA:1204,1
DA:1205,1
DA:1207,1
DA:1208,0
DA:1210,1
DA:1212,1
DA:1214,1
DA:1215,1
DA:1216,1
DA:1217,1
DA:1218,1
DA:1220,1
DA:1221,1
DA:1222,1
DA:1224,1
DA:1225,1
DA:1226,1
DA:1229,1
DA:1230,1
DA:1232,1
DA:1233,1
DA:1234,1
DA:1235,1
DA:1236,1
DA:1237,1
DA:1238,1
DA:1240,1
DA:1241,1
DA:1242,1
DA:1243,1
DA:1244,1
DA:1246,1
DA:1247,1
DA:1248,1
DA:1249,1
DA:1250,1
DA:1251,1
DA:1253,1
DA:1254,1
DA:1255,1
DA:1256,1
DA:1257,1
DA:1258,1
DA:1259,1
DA:1260,1
DA:1261,1
DA:1262,1
DA:1264,1
DA:1265,1
DA:1266,1
DA:1268,1
DA:1269,1
DA:1270,1
DA:1271,0
DA:1272,0
DA:1273,0
DA:1276,1
DA:1277,1
DA:1278,1
DA:1279,1
DA:1280,1
DA:1281,1
DA:1282,1
DA:1284,1
DA:1285,1
DA:1286,1
DA:1287,1
DA:1288,1
DA:1289,1
DA:1290,1
DA:1294,5
DA:1295,5
DA:1296,5
DA:1297,5
DA:1298,5
DA:1299,5
DA:1300,5
DA:1301,5
DA:1302,5
DA:1303,5
DA:1304,5
DA:1305,5
DA:1306,5
DA:1307,5
DA:1308,5
DA:1309,5
DA:1310,5
DA:1311,5
DA:1312,5
DA:1313,5
DA:1314,5
DA:1315,5
DA:1316,5
DA:1317,5
DA:1318,5
DA:1319,5
DA:1320,5
DA:1321,5
DA:1322,5
DA:1323,5
DA:1324,5
DA:1325,5
DA:1326,5
DA:1327,5
DA:1328,5
DA:1329,5
DA:1330,5
DA:1331,5
DA:1332,5
DA:1333,5
DA:1334,5
DA:1335,5
DA:1336,5
DA:1337,5
DA:1339,0
DA:1340,0
DA:1341,0
DA:1342,0
DA:1343,0
DA:1345,0
DA:1346,0
DA:1347,0
DA:1350,0
DA:1351,0
DA:1353,0
DA:1354,0
DA:1355,0
DA:1356,0
DA:1357,0
DA:1358,0
DA:1360,0
DA:1361,0
DA:1362,0
DA:1363,0
DA:1364,0
DA:1365,0
DA:1366,0
DA:1367,0
DA:1370,0
DA:1371,0
DA:1372,0
DA:1373,0
DA:1374,0
DA:1375,0
DA:1376,0
DA:1377,0
DA:1379,0
DA:1382,0
DA:1383,0
DA:1384,0
DA:1385,0
DA:1387,0
DA:1390,0
DA:1391,0
DA:1395,0
DA:1396,0
DA:1397,0
DA:1398,0
DA:1399,0
DA:1400,0
DA:1401,0
DA:1402,0
DA:1406,5
DA:1407,5
DA:1408,5
DA:1409,5
DA:1410,5
DA:1411,5
DA:1412,5
DA:1413,5
DA:1414,5
DA:1415,5
DA:1416,5
DA:1417,5
DA:1418,5
DA:1419,5
DA:1420,5
DA:1421,5
DA:1422,5
DA:1424,0
DA:1425,0
DA:1426,0
DA:1427,0
DA:1428,0
DA:1431,0
DA:1432,0
DA:1433,0
DA:1434,0
DA:1435,0
DA:1436,0
DA:1439,0
DA:1440,0
DA:1442,0
DA:1443,0
DA:1444,0
DA:1445,0
DA:1446,0
DA:1447,0
DA:1449,0
DA:1450,0
DA:1464,0
DA:1466,0
DA:1469,0
DA:1470,0
DA:1472,0
DA:1473,0
DA:1474,0
DA:1475,0
DA:1476,0
DA:1477,0
DA:1478,0
DA:1479,0
DA:1480,0
DA:1481,0
DA:1484,0
DA:1486,0
DA:1487,0
DA:1488,0
DA:1489,0
DA:1490,0
DA:1491,0
DA:1492,0
DA:1493,0
DA:1494,0
DA:1496,0
DA:1497,0
DA:1498,0
DA:1499,0
DA:1500,0
DA:1502,0
DA:1503,0
DA:1504,0
DA:1505,0
DA:1506,0
DA:1507,0
DA:1508,0
DA:1512,5
DA:1513,5
DA:1514,5
DA:1515,5
DA:1516,5
DA:1517,5
DA:1531,0
DA:1532,0
DA:1533,0
DA:1534,0
DA:1535,0
DA:1536,0
DA:1537,0
DA:1539,0
DA:1549,1
DA:1550,1
DA:1551,1
DA:1554,1
DA:1555,1
DA:1557,1
DA:1558,1
DA:1559,1
DA:1562,1
DA:1563,1
DA:1565,1
DA:1566,1
DA:1567,1
DA:1573,0
DA:1574,0
DA:1575,0
DA:1592,1
DA:1593,1
DA:1594,1
DA:1595,1
DA:1598,1
DA:1599,1
DA:1600,1
DA:1601,1
DA:1602,1
DA:1603,1
DA:1604,1
DA:1605,1
DA:1606,1
DA:1607,1
DA:1608,1
DA:1609,1
DA:1610,1
DA:1611,1
DA:1612,1
DA:1613,1
DA:1614,1
DA:1615,1
DA:1616,1
DA:1617,1
DA:1618,1
DA:1619,1
DA:1620,1
DA:1621,1
DA:1622,1
DA:1623,1
DA:1624,1
DA:1625,1
DA:1626,1
DA:1627,1
DA:1628,1
DA:1629,1
DA:1630,1
DA:1631,1
DA:1632,1
DA:1634,1
DA:1635,1
DA:1636,1
DA:1637,1
DA:1638,1
DA:1639,1
DA:1640,1
DA:1641,1
DA:1642,1
DA:1643,1
DA:1644,1
DA:1645,1
DA:1646,1
DA:1647,1
DA:1648,1
DA:1649,1
DA:1650,1
DA:1651,1
DA:1652,1
DA:1653,1
DA:1654,1
DA:1655,1
DA:1656,1
DA:1657,1
DA:1658,1
DA:1659,1
DA:1660,1
DA:1661,1
DA:1662,1
DA:1663,1
DA:1664,1
DA:1665,1
DA:1666,1
DA:1667,1
DA:1668,1
DA:1669,1
DA:1670,1
DA:1671,1
DA:1673,1
DA:1674,1
DA:1675,1
DA:1676,1
DA:1679,1
DA:1680,1
DA:1682,1
DA:1683,1
DA:1684,1
DA:1685,1
DA:1686,1
DA:1687,1
DA:1688,1
DA:1689,1
DA:1690,1
DA:1691,1
DA:1692,1
DA:1693,1
DA:1694,1
DA:1695,1
DA:1696,1
DA:1697,1
DA:1698,1
DA:1699,1
DA:1700,1
DA:1701,1
DA:1702,1
DA:1703,1
DA:1704,1
DA:1705,1
DA:1706,1
DA:1707,1
DA:1708,1
DA:1709,1
DA:1710,1
DA:1711,1
DA:1712,1
DA:1713,1
DA:1714,1
DA:1716,1
DA:1717,1
DA:1718,1
DA:1719,1
DA:1720,1
DA:1721,1
DA:1722,1
DA:1723,1
DA:1724,1
DA:1725,1
DA:1726,1
DA:1727,1
DA:1728,1
DA:1729,1
DA:1730,1
DA:1731,1
DA:1732,1
DA:1733,1
DA:1734,1
DA:1735,1
DA:1736,1
DA:1737,1
DA:1738,1
DA:1739,1
DA:1740,1
DA:1741,1
DA:1742,1
DA:1743,1
DA:1744,1
DA:1745,1
DA:1746,1
DA:1747,1
DA:1748,1
DA:1750,1
DA:1751,1
DA:1752,1
DA:1753,1
DA:1754,1
DA:1755,1
DA:1757,1
DA:1758,1
DA:1759,1
DA:1760,1
DA:1761,1
DA:1764,1
DA:1765,1
DA:1766,1
DA:1767,1
DA:1768,1
DA:1769,1
DA:1770,1
DA:1772,1
DA:1773,1
DA:1774,1
DA:1775,2
DA:1777,1
DA:1780,1
DA:1781,1
DA:1782,1
DA:1783,1
DA:1784,1
DA:1787,1
DA:1788,1
DA:1789,1
DA:1790,1
DA:1792,1
DA:1793,1
DA:1794,1
DA:1796,1
BRF:0
BRH:0
LF:919
LH:465
end_of_record
SF:/home/steven/code/Rust/copybook-rs/copybook-cli/src/commands/decode.rs
FN:87,_RNCNvNtNtCsi2GSroy6duf_8copybook8commands6decode3run0B7_
FN:33,_RNvNtNtCsi2GSroy6duf_8copybook8commands6decode3run
FN:87,_RNCNvNtNtCsc1gJwZrSs2L_8copybook8commands6decode3run0B7_
FN:33,_RNvNtNtCsc1gJwZrSs2L_8copybook8commands6decode3run
FNDA:8,_RNCNvNtNtCsi2GSroy6duf_8copybook8commands6decode3run0B7_
FNDA:9,_RNvNtNtCsi2GSroy6duf_8copybook8commands6decode3run
FNDA:0,_RNCNvNtNtCsc1gJwZrSs2L_8copybook8commands6decode3run0B7_
FNDA:0,_RNvNtNtCsc1gJwZrSs2L_8copybook8commands6decode3run
FNF:2
FNH:2
DA:33,9
DA:34,9
DA:36,9
DA:37,0
DA:38,9
DA:41,9
DA:42,1
DA:44,1
DA:45,1
DA:46,1
DA:47,8
DA:50,8
DA:53,8
DA:54,8
DA:55,8
DA:56,8
DA:57,8
DA:58,8
DA:59,8
DA:60,8
DA:63,8
DA:64,8
DA:65,0
DA:67,8
DA:70,8
DA:71,8
DA:72,8
DA:73,8
DA:74,8
DA:75,8
DA:76,8
DA:77,8
DA:78,8
DA:79,8
DA:80,8
DA:81,8
DA:82,8
DA:85,7
DA:86,8
DA:87,8
DA:88,8
DA:89,7
DA:90,7
DA:91,7
DA:92,7
DA:93,7
DA:94,8
DA:95,7
DA:99,7
DA:100,7
DA:101,7
DA:102,7
DA:103,7
DA:104,7
DA:105,7
DA:107,7
DA:108,0
DA:109,7
DA:112,7
DA:113,1
DA:114,6
DA:116,7
DA:119,7
DA:120,7
DA:121,9
BRF:0
BRH:0
LF:67
LH:64
end_of_record
SF:/home/steven/code/Rust/copybook-rs/copybook-cli/src/commands/encode.rs
FN:27,_RNvNtNtCsi2GSroy6duf_8copybook8commands6encode3run
FN:74,_RNCNvNtNtCsi2GSroy6duf_8copybook8commands6encode3run0B7_
FN:74,_RNCNvNtNtCsc1gJwZrSs2L_8copybook8commands6encode3run0B7_
FN:27,_RNvNtNtCsc1gJwZrSs2L_8copybook8commands6encode3run
FNDA:3,_RNvNtNtCsi2GSroy6duf_8copybook8commands6encode3run
FNDA:3,_RNCNvNtNtCsi2GSroy6duf_8copybook8commands6encode3run0B7_
FNDA:0,_RNCNvNtNtCsc1gJwZrSs2L_8copybook8commands6encode3run0B7_
FNDA:0,_RNvNtNtCsc1gJwZrSs2L_8copybook8commands6encode3run
FNF:2
FNH:2
DA:27,3
DA:28,3
DA:29,3
DA:30,3
DA:31,3
DA:32,3
DA:33,3
DA:35,3
DA:36,0
DA:37,3
DA:40,3
DA:43,3
DA:44,3
DA:45,3
DA:46,3
DA:47,3
DA:48,3
DA:49,3
DA:50,3
DA:53,3
DA:54,3
DA:55,3
DA:57,0
DA:60,3
DA:61,3
DA:62,3
DA:63,3
DA:64,3
DA:65,3
DA:66,3
DA:67,3
DA:68,3
DA:69,3
DA:72,3
DA:73,3
DA:74,3
DA:75,3
DA:76,3
DA:77,3
DA:78,3
DA:79,3
DA:80,3
DA:82,3
DA:83,3
DA:84,3
DA:85,3
DA:87,3
DA:88,3
DA:89,0
DA:91,0
DA:92,0
DA:95,0
DA:96,0
DA:97,0
DA:99,0
DA:104,3
DA:107,3
DA:108,3
DA:109,3
DA:110,1
DA:111,2
DA:112,3
DA:113,0
DA:114,3
DA:115,3
DA:116,3
DA:117,3
DA:120,3
DA:121,0
DA:122,0
DA:123,0
DA:124,0
DA:125,0
DA:126,0
DA:127,0
DA:128,3
DA:129,0
DA:130,0
DA:131,0
DA:132,0
DA:133,0
DA:134,0
DA:135,3
DA:138,3
DA:139,1
DA:140,1
DA:143,1
DA:144,1
DA:145,2
DA:147,2
DA:150,2
DA:151,2
DA:152,3
BRF:0
BRH:0
LF:94
LH:71
end_of_record
SF:/home/steven/code/Rust/copybook-rs/copybook-cli/src/commands/inspect.rs
FN:9,_RNvNtNtCsi2GSroy6duf_8copybook8commands7inspect3run
FN:9,_RNvNtNtCsc1gJwZrSs2L_8copybook8commands7inspect3run
FNDA:11,_RNvNtNtCsi2GSroy6duf_8copybook8commands7inspect3run
FNDA:0,_RNvNtNtCsc1gJwZrSs2L_8copybook8commands7inspect3run
FNF:1
FNH:1
DA:9,11
DA:10,11
DA:11,11
DA:12,11
DA:13,11
DA:14,11
DA:15,11
DA:17,11
DA:18,2
DA:19,9
DA:22,11
DA:25,11
DA:26,11
DA:27,11
DA:28,11
DA:29,11
DA:30,11
DA:31,11
DA:32,11
DA:35,8
DA:36,8
DA:37,8
DA:38,8
DA:39,8
DA:41,8
DA:42,8
DA:45,8
DA:47,25
DA:48,25
DA:49,9
DA:51,6
DA:52,6
DA:53,6
DA:55,6
DA:56,0
DA:58,6
DA:61,0
DA:62,0
DA:65,2
DA:66,2
DA:67,2
DA:69,2
DA:70,1
DA:72,1
DA:75,8
DA:76,0
DA:77,0
DA:81,25
DA:82,2
DA:83,0
DA:85,2
DA:86,2
DA:87,2
DA:89,2
DA:93,23
DA:96,25
DA:97,25
DA:102,8
DA:103,8
DA:104,11
BRF:0
BRH:0
LF:60
LH:54
end_of_record
SF:/home/steven/code/Rust/copybook-rs/copybook-cli/src/commands/parse.rs
FN:8,_RNvNtNtCsi2GSroy6duf_8copybook8commands5parse3run
FN:39,_RNCNvNtNtCsi2GSroy6duf_8copybook8commands5parse3run0B7_
FN:39,_RNCNvNtNtCsc1gJwZrSs2L_8copybook8commands5parse3run0B7_
FN:8,_RNvNtNtCsc1gJwZrSs2L_8copybook8commands5parse3run
FNDA:2,_RNvNtNtCsi2GSroy6duf_8copybook8commands5parse3run
FNDA:0,_RNCNvNtNtCsi2GSroy6duf_8copybook8commands5parse3run0B7_
FNDA:0,_RNCNvNtNtCsc1gJwZrSs2L_8copybook8commands5parse3run0B7_
FNDA:0,_RNvNtNtCsc1gJwZrSs2L_8copybook8commands5parse3run
FNF:2
FNH:1
DA:8,2
DA:9,2
DA:10,2
DA:11,2
DA:12,2
DA:13,2
DA:14,2
DA:16,2
DA:17,0
DA:18,2
DA:21,2
DA:24,2
DA:25,2
DA:26,2
DA:27,2
DA:28,2
DA:29,2
DA:30,2
DA:31,2
DA:34,2
DA:37,2
DA:38,0
DA:39,0
DA:41,2
DA:42,2
DA:43,2
DA:46,2
DA:47,2
DA:48,2
BRF:0
BRH:0
LF:30
LH:26
end_of_record
SF:/home/steven/code/Rust/copybook-rs/copybook-cli/src/commands/verify.rs
FN:35,_RNvNtNtCsi2GSroy6duf_8copybook8commands6verify10hex_window
FN:55,_RNvNtNtCsi2GSroy6duf_8copybook8commands6verify3run
FN:25,_RNvNtNtCsi2GSroy6duf_8copybook8commands6verify9hex_bytes
FN:40,_RNCNvNtNtCsi2GSroy6duf_8copybook8commands6verify10hex_window0B7_
FN:202,_RNCNvNtNtCsi2GSroy6duf_8copybook8commands6verify3runs0_0B7_
FN:263,_RNCNvNtNtCsi2GSroy6duf_8copybook8commands6verify3runs1_0B7_
FN:188,_RNCNvNtNtCsi2GSroy6duf_8copybook8commands6verify3runs_0B7_
FN:29,_RNCNvNtNtCsi2GSroy6duf_8copybook8commands6verify9hex_bytes0B7_
FN:40,_RNCNvNtNtCsc1gJwZrSs2L_8copybook8commands6verify10hex_window0B7_
FN:202,_RNCNvNtNtCsc1gJwZrSs2L_8copybook8commands6verify3runs0_0B7_
FN:263,_RNCNvNtNtCsc1gJwZrSs2L_8copybook8commands6verify3runs1_0B7_
FN:188,_RNCNvNtNtCsc1gJwZrSs2L_8copybook8commands6verify3runs_0B7_
FN:29,_RNCNvNtNtCsc1gJwZrSs2L_8copybook8commands6verify9hex_bytes0B7_
FN:35,_RNvNtNtCsc1gJwZrSs2L_8copybook8commands6verify10hex_window
FN:55,_RNvNtNtCsc1gJwZrSs2L_8copybook8commands6verify3run
FN:25,_RNvNtNtCsc1gJwZrSs2L_8copybook8commands6verify9hex_bytes
FNDA:0,_RNvNtNtCsi2GSroy6duf_8copybook8commands6verify10hex_window
FNDA:3,_RNvNtNtCsi2GSroy6duf_8copybook8commands6verify3run
FNDA:10,_RNvNtNtCsi2GSroy6duf_8copybook8commands6verify9hex_bytes
FNDA:0,_RNCNvNtNtCsi2GSroy6duf_8copybook8commands6verify10hex_window0B7_
FNDA:0,_RNCNvNtNtCsi2GSroy6duf_8copybook8commands6verify3runs0_0B7_
FNDA:1,_RNCNvNtNtCsi2GSroy6duf_8copybook8commands6verify3runs1_0B7_
FNDA:5,_RNCNvNtNtCsi2GSroy6duf_8copybook8commands6verify3runs_0B7_
FNDA:436,_RNCNvNtNtCsi2GSroy6duf_8copybook8commands6verify9hex_bytes0B7_
FNDA:0,_RNCNvNtNtCsc1gJwZrSs2L_8copybook8commands6verify10hex_window0B7_
FNDA:0,_RNCNvNtNtCsc1gJwZrSs2L_8copybook8commands6verify3runs0_0B7_
FNDA:0,_RNCNvNtNtCsc1gJwZrSs2L_8copybook8commands6verify3runs1_0B7_
FNDA:0,_RNCNvNtNtCsc1gJwZrSs2L_8copybook8commands6verify3runs_0B7_
FNDA:0,_RNCNvNtNtCsc1gJwZrSs2L_8copybook8commands6verify9hex_bytes0B7_
FNDA:0,_RNvNtNtCsc1gJwZrSs2L_8copybook8commands6verify10hex_window
FNDA:0,_RNvNtNtCsc1gJwZrSs2L_8copybook8commands6verify3run
FNDA:0,_RNvNtNtCsc1gJwZrSs2L_8copybook8commands6verify9hex_bytes
FNF:8
FNH:5
DA:25,10
DA:26,10
DA:27,10
DA:28,10
DA:29,436
DA:30,10
DA:31,10
DA:35,0
DA:36,0
DA:37,0
DA:38,0
DA:39,0
DA:40,0
DA:41,0
DA:42,0
DA:55,3
DA:56,3
DA:57,3
DA:58,3
DA:59,3
DA:60,3
DA:61,3
DA:63,3
DA:64,0
DA:65,3
DA:68,3
DA:71,3
DA:72,3
DA:73,3
DA:74,3
DA:75,3
DA:76,3
DA:77,3
DA:78,3
DA:81,3
DA:82,3
DA:85,3
DA:86,3
DA:87,3
DA:88,3
DA:89,3
DA:90,3
DA:91,3
DA:92,3
DA:93,3
DA:94,3
DA:95,3
DA:96,3
DA:97,3
DA:100,3
DA:102,3
DA:104,3
DA:105,0
DA:106,0
DA:109,3
DA:111,0
DA:112,0
DA:113,0
DA:114,0
DA:117,0
DA:118,0
DA:119,0
DA:123,3
DA:126,3
DA:127,3
DA:128,3
DA:129,3
DA:130,3
DA:131,3
DA:132,3
DA:135,3
DA:136,3
DA:137,3
DA:138,3
DA:139,3
DA:140,3
DA:144,3
DA:147,3
DA:148,3
DA:151,3
DA:154,3
DA:157,8
DA:158,5
DA:160,5
DA:161,0
DA:162,0
DA:163,0
DA:164,5
DA:166,5
DA:168,5
DA:170,5
DA:172,5
DA:173,5
DA:174,5
DA:175,0
DA:178,0
DA:183,0
DA:187,5
DA:188,5
DA:189,5
DA:190,0
DA:192,5
DA:194,5
DA:196,5
DA:197,5
DA:198,5
DA:199,5
DA:200,5
DA:201,5
DA:202,5
DA:203,5
DA:204,5
DA:205,5
DA:209,5
DA:212,5
DA:213,5
DA:214,5
DA:215,5
DA:216,5
DA:217,5
DA:218,5
DA:221,5
DA:222,5
DA:223,5
DA:232,3
DA:235,3
DA:236,3
DA:237,3
DA:238,3
DA:239,3
DA:240,3
DA:241,3
DA:242,3
DA:243,3
DA:245,3
DA:247,3
DA:248,0
DA:249,0
DA:250,0
DA:251,0
DA:252,3
DA:253,8
DA:254,5
DA:255,5
DA:256,0
DA:257,0
DA:258,0
DA:261,3
DA:262,1
DA:263,1
DA:264,1
DA:265,1
DA:266,1
DA:267,2
DA:270,3
DA:272,3
DA:273,3
DA:274,3
BRF:0
BRH:0
LF:164
LH:129
end_of_record
SF:/home/steven/code/Rust/copybook-rs/copybook-cli/src/commands/verify_report.rs
FN:108,_RNvMNtNtCsi2GSroy6duf_8copybook8commands13verify_reportNtB2_12VerifyReport10add_sample
FN:115,_RNvMNtNtCsi2GSroy6duf_8copybook8commands13verify_reportNtB2_12VerifyReport17set_records_total
FN:75,_RNvMNtNtCsi2GSroy6duf_8copybook8commands13verify_reportNtB2_12VerifyReport3new
FN:98,_RNvMNtNtCsi2GSroy6duf_8copybook8commands13verify_reportNtB2_12VerifyReport9add_error
FN:120,_RNvMNtNtCsi2GSroy6duf_8copybook8commands13verify_reportNtB2_12VerifyReport9exit_code
FN:108,_RNvMNtNtCsc1gJwZrSs2L_8copybook8commands13verify_reportNtB2_12VerifyReport10add_sample
FN:115,_RNvMNtNtCsc1gJwZrSs2L_8copybook8commands13verify_reportNtB2_12VerifyReport17set_records_total
FN:75,_RNvMNtNtCsc1gJwZrSs2L_8copybook8commands13verify_reportNtB2_12VerifyReport3new
FN:98,_RNvMNtNtCsc1gJwZrSs2L_8copybook8commands13verify_reportNtB2_12VerifyReport9add_error
FN:120,_RNvMNtNtCsc1gJwZrSs2L_8copybook8commands13verify_reportNtB2_12VerifyReport9exit_code
FNDA:5,_RNvMNtNtCsi2GSroy6duf_8copybook8commands13verify_reportNtB2_12VerifyReport10add_sample
FNDA:3,_RNvMNtNtCsi2GSroy6duf_8copybook8commands13verify_reportNtB2_12VerifyReport17set_records_total
FNDA:3,_RNvMNtNtCsi2GSroy6duf_8copybook8commands13verify_reportNtB2_12VerifyReport3new
FNDA:5,_RNvMNtNtCsi2GSroy6duf_8copybook8commands13verify_reportNtB2_12VerifyReport9add_error
FNDA:3,_RNvMNtNtCsi2GSroy6duf_8copybook8commands13verify_reportNtB2_12VerifyReport9exit_code
FNDA:0,_RNvMNtNtCsc1gJwZrSs2L_8copybook8commands13verify_reportNtB2_12VerifyReport10add_sample
FNDA:0,_RNvMNtNtCsc1gJwZrSs2L_8copybook8commands13verify_reportNtB2_12VerifyReport17set_records_total
FNDA:0,_RNvMNtNtCsc1gJwZrSs2L_8copybook8commands13verify_reportNtB2_12VerifyReport3new
FNDA:0,_RNvMNtNtCsc1gJwZrSs2L_8copybook8commands13verify_reportNtB2_12VerifyReport9add_error
FNDA:0,_RNvMNtNtCsc1gJwZrSs2L_8copybook8commands13verify_reportNtB2_12VerifyReport9exit_code
FNF:5
FNH:5
DA:75,3
DA:76,3
DA:77,3
DA:78,3
DA:79,3
DA:80,3
DA:81,3
DA:82,3
DA:83,3
DA:84,3
DA:85,3
DA:86,3
DA:87,3
DA:88,3
DA:89,3
DA:90,3
DA:91,3
DA:92,3
DA:93,3
DA:94,3
DA:95,3
DA:98,5
DA:99,5
DA:100,5
DA:101,5
DA:102,0
DA:103,0
DA:104,5
DA:105,5
DA:108,5
DA:109,5
DA:110,5
DA:111,5
DA:112,5
DA:115,3
DA:116,3
DA:117,3
DA:120,3
DA:121,3
DA:122,3
DA:124,0
DA:126,3
BRF:0
BRH:0
LF:42
LH:39
end_of_record
SF:/home/steven/code/Rust/copybook-rs/copybook-cli/src/main.rs
FN:199,_RNvCsi2GSroy6duf_8copybook4main
FN:199,_RNvCsc1gJwZrSs2L_8copybook4main
FNDA:40,_RNvCsi2GSroy6duf_8copybook4main
FNDA:0,_RNvCsc1gJwZrSs2L_8copybook4main
FNF:1
FNH:1
DA:199,40
DA:200,40
DA:203,40
DA:204,40
DA:205,40
DA:206,40
DA:208,40
DA:210,14
DA:211,14
DA:212,14
DA:213,14
DA:214,14
DA:216,11
DA:217,11
DA:218,11
DA:219,11
DA:220,11
DA:222,9
DA:223,9
DA:224,9
DA:225,9
DA:226,9
DA:227,9
DA:228,9
DA:229,9
DA:230,9
DA:231,9
DA:232,9
DA:233,9
DA:234,9
DA:235,9
DA:236,9
DA:237,9
DA:238,9
DA:239,9
DA:240,9
DA:241,9
DA:242,9
DA:243,9
DA:244,9
DA:245,9
DA:246,9
DA:247,9
DA:248,9
DA:249,9
DA:250,9
DA:251,9
DA:252,9
DA:253,9
DA:254,9
DA:255,9
DA:256,9
DA:257,9
DA:259,3
DA:260,3
DA:261,3
DA:262,3
DA:263,3
DA:264,3
DA:265,3
DA:266,3
DA:267,3
DA:268,3
DA:269,3
DA:270,3
DA:271,3
DA:272,3
DA:273,3
DA:274,3
DA:275,3
DA:276,3
DA:277,3
DA:278,3
DA:279,3
DA:280,3
DA:281,3
DA:282,3
DA:283,3
DA:284,3
DA:285,3
DA:286,3
DA:287,3
DA:288,3
DA:289,3
DA:292,3
DA:293,3
DA:294,3
DA:295,3
DA:296,3
DA:297,3
DA:298,3
DA:299,3
DA:300,3
DA:302,3
DA:303,3
DA:304,3
DA:305,3
DA:306,3
DA:307,3
DA:308,3
DA:309,3
DA:310,3
DA:314,40
DA:315,35
DA:316,35
DA:318,5
DA:319,5
DA:320,5
BRF:0
BRH:0
LF:108
LH:108
end_of_record
SF:/home/steven/code/Rust/copybook-rs/copybook-cli/src/utils.rs
FN:76,_RNvNtCsi2GSroy6duf_8copybook5utils10emit_fatal
FN:71,_RNvNtCsi2GSroy6duf_8copybook5utils19determine_exit_code
FN:18,_RINvNtCsi2GSroy6duf_8copybook5utils12atomic_writeNtNtCs4eoO4cHkFdT_3std4path7PathBufNCNvNtNtB4_8commands5parse3run0EB4_
FN:18,_RINvNtCsi2GSroy6duf_8copybook5utils12atomic_writeRNtNtCs4eoO4cHkFdT_3std4path4PathNCNvNtNtB4_8commands6encode3run0EB4_
FN:18,_RINvNtCsi2GSroy6duf_8copybook5utils12atomic_writeRNtNtCs4eoO4cHkFdT_3std4path7PathBufNCNvNtNtB4_8commands6decode3run0EB4_
FN:18,_RINvNtCsi2GSroy6duf_8copybook5utils12atomic_writeRNtNtCs4eoO4cHkFdT_3std4path7PathBufNCNvNtNtB4_8commands6verify3runs1_0EB4_
FN:89,_RINvNtCsi2GSroy6duf_8copybook5utils18read_file_or_stdinRNtNtCs4eoO4cHkFdT_3std4path4PathEB4_
FN:89,_RINvNtCsi2GSroy6duf_8copybook5utils18read_file_or_stdinRNtNtCs4eoO4cHkFdT_3std4path7PathBufEB4_
FN:25,_RNCINvNtCsi2GSroy6duf_8copybook5utils12atomic_writeNtNtCs4eoO4cHkFdT_3std4path7PathBufNCNvNtNtB6_8commands5parse3run0E0B6_
FN:25,_RNCINvNtCsi2GSroy6duf_8copybook5utils12atomic_writeRNtNtCs4eoO4cHkFdT_3std4path4PathNCNvNtNtB6_8commands6encode3run0E0B6_
FN:25,_RNCINvNtCsi2GSroy6duf_8copybook5utils12atomic_writeRNtNtCs4eoO4cHkFdT_3std4path7PathBufNCNvNtNtB6_8commands6decode3run0E0B6_
FN:25,_RNCINvNtCsi2GSroy6duf_8copybook5utils12atomic_writeRNtNtCs4eoO4cHkFdT_3std4path7PathBufNCNvNtNtB6_8commands6verify3runs1_0E0B6_
FN:145,_RNvNtNtCsc1gJwZrSs2L_8copybook5utils5testss_18test_temp_path_for
FN:137,_RNvNtNtCsc1gJwZrSs2L_8copybook5utils5testss_24test_determine_exit_code
FN:110,_RNvNtNtCsc1gJwZrSs2L_8copybook5utils5testss_25test_atomic_write_success
FN:124,_RNvNtNtCsc1gJwZrSs2L_8copybook5utils5testss_40test_atomic_write_failure_leaves_no_file
FN:49,_RNvNtCsc1gJwZrSs2L_8copybook5utils13temp_path_for
FN:71,_RNvNtCsc1gJwZrSs2L_8copybook5utils19determine_exit_code
FN:114,_RNCNvNtNtCsc1gJwZrSs2L_8copybook5utils5testss_25test_atomic_write_success0B7_
FN:128,_RNCNvNtNtCsc1gJwZrSs2L_8copybook5utils5testss_40test_atomic_write_failure_leaves_no_file0B7_
FN:89,_RINvNtCsc1gJwZrSs2L_8copybook5utils18read_file_or_stdinpEB4_
FN:76,_RNvNtCsc1gJwZrSs2L_8copybook5utils10emit_fatal
FN:18,_RINvNtCsc1gJwZrSs2L_8copybook5utils12atomic_writeRNtNtCs4eoO4cHkFdT_3std4path7PathBufNCNvNtB2_5testss_25test_atomic_write_success0EB4_
FN:18,_RINvNtCsc1gJwZrSs2L_8copybook5utils12atomic_writeRNtNtCs4eoO4cHkFdT_3std4path7PathBufNCNvNtB2_5testss_40test_atomic_write_failure_leaves_no_file0EB4_
FN:25,_RNCINvNtCsc1gJwZrSs2L_8copybook5utils12atomic_writeRNtNtCs4eoO4cHkFdT_3std4path7PathBufNCNvNtB4_5testss_25test_atomic_write_success0E0B6_
FN:25,_RNCINvNtCsc1gJwZrSs2L_8copybook5utils12atomic_writeRNtNtCs4eoO4cHkFdT_3std4path7PathBufNCNvNtB4_5testss_40test_atomic_write_failure_leaves_no_file0E0B6_
FN:52,_RNCNvNtCsc1gJwZrSs2L_8copybook5utils13temp_path_for0B5_
FNDA:6,_RNvNtCsi2GSroy6duf_8copybook5utils10emit_fatal
FNDA:9,_RNvNtCsi2GSroy6duf_8copybook5utils19determine_exit_code
FNDA:0,_RINvNtCsi2GSroy6duf_8copybook5utils12atomic_writeNtNtCs4eoO4cHkFdT_3std4path7PathBufNCNvNtNtB4_8commands5parse3run0EB4_
FNDA:3,_RINvNtCsi2GSroy6duf_8copybook5utils12atomic_writeRNtNtCs4eoO4cHkFdT_3std4path4PathNCNvNtNtB4_8commands6encode3run0EB4_
FNDA:8,_RINvNtCsi2GSroy6duf_8copybook5utils12atomic_writeRNtNtCs4eoO4cHkFdT_3std4path7PathBufNCNvNtNtB4_8commands6decode3run0EB4_
FNDA:1,_RINvNtCsi2GSroy6duf_8copybook5utils12atomic_writeRNtNtCs4eoO4cHkFdT_3std4path7PathBufNCNvNtNtB4_8commands6verify3runs1_0EB4_
FNDA:3,_RINvNtCsi2GSroy6duf_8copybook5utils18read_file_or_stdinRNtNtCs4eoO4cHkFdT_3std4path4PathEB4_
FNDA:24,_RINvNtCsi2GSroy6duf_8copybook5utils18read_file_or_stdinRNtNtCs4eoO4cHkFdT_3std4path7PathBufEB4_
FNDA:0,_RNCINvNtCsi2GSroy6duf_8copybook5utils12atomic_writeNtNtCs4eoO4cHkFdT_3std4path7PathBufNCNvNtNtB6_8commands5parse3run0E0B6_
FNDA:0,_RNCINvNtCsi2GSroy6duf_8copybook5utils12atomic_writeRNtNtCs4eoO4cHkFdT_3std4path4PathNCNvNtNtB6_8commands6encode3run0E0B6_
FNDA:0,_RNCINvNtCsi2GSroy6duf_8copybook5utils12atomic_writeRNtNtCs4eoO4cHkFdT_3std4path7PathBufNCNvNtNtB6_8commands6decode3run0E0B6_
FNDA:0,_RNCINvNtCsi2GSroy6duf_8copybook5utils12atomic_writeRNtNtCs4eoO4cHkFdT_3std4path7PathBufNCNvNtNtB6_8commands6verify3runs1_0E0B6_
FNDA:1,_RNvNtNtCsc1gJwZrSs2L_8copybook5utils5testss_18test_temp_path_for
FNDA:1,_RNvNtNtCsc1gJwZrSs2L_8copybook5utils5testss_24test_determine_exit_code
FNDA:1,_RNvNtNtCsc1gJwZrSs2L_8copybook5utils5testss_25test_atomic_write_success
FNDA:1,_RNvNtNtCsc1gJwZrSs2L_8copybook5utils5testss_40test_atomic_write_failure_leaves_no_file
FNDA:2,_RNvNtCsc1gJwZrSs2L_8copybook5utils13temp_path_for
FNDA:4,_RNvNtCsc1gJwZrSs2L_8copybook5utils19determine_exit_code
FNDA:1,_RNCNvNtNtCsc1gJwZrSs2L_8copybook5utils5testss_25test_atomic_write_success0B7_
FNDA:1,_RNCNvNtNtCsc1gJwZrSs2L_8copybook5utils5testss_40test_atomic_write_failure_leaves_no_file0B7_
FNDA:0,_RINvNtCsc1gJwZrSs2L_8copybook5utils18read_file_or_stdinpEB4_
FNDA:0,_RNvNtCsc1gJwZrSs2L_8copybook5utils10emit_fatal
FNDA:1,_RINvNtCsc1gJwZrSs2L_8copybook5utils12atomic_writeRNtNtCs4eoO4cHkFdT_3std4path7PathBufNCNvNtB2_5testss_25test_atomic_write_success0EB4_
FNDA:1,_RINvNtCsc1gJwZrSs2L_8copybook5utils12atomic_writeRNtNtCs4eoO4cHkFdT_3std4path7PathBufNCNvNtB2_5testss_40test_atomic_write_failure_leaves_no_file0EB4_
FNDA:0,_RNCINvNtCsc1gJwZrSs2L_8copybook5utils12atomic_writeRNtNtCs4eoO4cHkFdT_3std4path7PathBufNCNvNtB4_5testss_25test_atomic_write_success0E0B6_
FNDA:0,_RNCINvNtCsc1gJwZrSs2L_8copybook5utils12atomic_writeRNtNtCs4eoO4cHkFdT_3std4path7PathBufNCNvNtB4_5testss_40test_atomic_write_failure_leaves_no_file0E0B6_
FNDA:0,_RNCNvNtCsc1gJwZrSs2L_8copybook5utils13temp_path_for0B5_
FNF:13
FNH:11
DA:18,14
DA:19,14
DA:20,14
DA:22,14
DA:25,14
DA:26,14
DA:28,14
DA:31,14
DA:34,12
DA:35,12
DA:38,12
DA:39,12
DA:41,12
DA:42,14
DA:49,2
DA:50,2
DA:51,2
DA:52,2
DA:53,2
DA:54,2
DA:56,2
DA:57,2
DA:59,0
DA:61,2
DA:71,13
DA:72,13
DA:73,13
DA:76,6
DA:77,6
DA:78,6
DA:79,6
DA:89,27
DA:90,27
DA:92,27
DA:93,2
DA:94,2
DA:95,2
DA:96,2
DA:98,25
DA:99,25
DA:101,27
DA:110,1
DA:111,1
DA:112,1
DA:114,1
DA:116,1
DA:117,1
DA:119,1
DA:120,1
DA:121,1
DA:124,1
DA:125,1
DA:126,1
DA:128,1
DA:129,1
DA:130,1
DA:132,1
DA:133,1
DA:134,1
DA:137,1
DA:138,1
DA:139,1
DA:140,1
DA:141,1
DA:142,1
DA:145,1
DA:146,1
DA:147,1
DA:148,1
DA:150,1
DA:151,1
DA:152,1
DA:153,1
BRF:0
BRH:0
LF:77
LH:74
end_of_record
SF:/home/steven/code/Rust/copybook-rs/copybook-codec/src/charset.rs
FN:350,_RNvNtCs8M7rtMEmd2k_14copybook_codec7charset14ebcdic_to_utf8
FN:419,_RNvNtCs8M7rtMEmd2k_14copybook_codec7charset14utf8_to_ebcdic
FN:325,_RNvNtCs8M7rtMEmd2k_14copybook_codec7charset16get_ebcdic_table
FN:338,_RNvNtCs8M7rtMEmd2k_14copybook_codec7charset20get_zoned_sign_table
FN:356,_RNCNvNtCs8M7rtMEmd2k_14copybook_codec7charset14ebcdic_to_utf80B5_
FN:425,_RNCNvNtCs8M7rtMEmd2k_14copybook_codec7charset14utf8_to_ebcdic0B5_
FN:356,_RNCNvNtCs7MLK0KUMdQf_14copybook_codec7charset14ebcdic_to_utf80B5_
FN:425,_RNCNvNtCs7MLK0KUMdQf_14copybook_codec7charset14utf8_to_ebcdic0B5_
FN:350,_RNvNtCs7MLK0KUMdQf_14copybook_codec7charset14ebcdic_to_utf8
FN:419,_RNvNtCs7MLK0KUMdQf_14copybook_codec7charset14utf8_to_ebcdic
FN:325,_RNvNtCs7MLK0KUMdQf_14copybook_codec7charset16get_ebcdic_table
FN:338,_RNvNtCs7MLK0KUMdQf_14copybook_codec7charset20get_zoned_sign_table
FNDA:223306,_RNvNtCs8M7rtMEmd2k_14copybook_codec7charset14ebcdic_to_utf8
FNDA:22,_RNvNtCs8M7rtMEmd2k_14copybook_codec7charset14utf8_to_ebcdic
FNDA:20041,_RNvNtCs8M7rtMEmd2k_14copybook_codec7charset16get_ebcdic_table
FNDA:139420,_RNvNtCs8M7rtMEmd2k_14copybook_codec7charset20get_zoned_sign_table
FNDA:0,_RNCNvNtCs8M7rtMEmd2k_14copybook_codec7charset14ebcdic_to_utf80B5_
FNDA:0,_RNCNvNtCs8M7rtMEmd2k_14copybook_codec7charset14utf8_to_ebcdic0B5_
FNDA:0,_RNCNvNtCs7MLK0KUMdQf_14copybook_codec7charset14ebcdic_to_utf80B5_
FNDA:0,_RNCNvNtCs7MLK0KUMdQf_14copybook_codec7charset14utf8_to_ebcdic0B5_
FNDA:3,_RNvNtCs7MLK0KUMdQf_14copybook_codec7charset14ebcdic_to_utf8
FNDA:3,_RNvNtCs7MLK0KUMdQf_14copybook_codec7charset14utf8_to_ebcdic
FNDA:1,_RNvNtCs7MLK0KUMdQf_14copybook_codec7charset16get_ebcdic_table
FNDA:3,_RNvNtCs7MLK0KUMdQf_14copybook_codec7charset20get_zoned_sign_table
FNF:6
FNH:4
DA:325,20042
DA:326,20042
DA:327,0
DA:328,20032
DA:329,2
DA:330,2
DA:331,4
DA:332,2
DA:334,20042
DA:338,139423
DA:339,139423
DA:340,105583
DA:341,33840
DA:343,139423
DA:350,223309
DA:352,223309
DA:353,203274
DA:354,20035
DA:356,20035
DA:357,0
DA:358,0
DA:359,0
DA:361,0
DA:366,20035
DA:368,330473
DA:369,310438
DA:372,310438
DA:374,310438
DA:375,310438
DA:376,310438
DA:378,0
DA:380,0
DA:381,0
DA:382,0
DA:383,0
DA:385,0
DA:386,0
DA:387,0
DA:388,0
DA:391,0
DA:392,0
DA:393,0
DA:394,0
DA:396,0
DA:398,0
DA:399,0
DA:400,0
DA:401,0
DA:403,0
DA:404,0
DA:405,0
DA:406,0
DA:411,20035
DA:412,223309
DA:419,25
DA:421,25
DA:422,18
DA:423,7
DA:425,7
DA:426,0
DA:427,0
DA:428,0
DA:430,0
DA:433,7
DA:434,1792
DA:435,1792
DA:436,1792
DA:437,1792
DA:438,1792
DA:439,1792
DA:440,1792
DA:443,7
DA:445,116
DA:446,116
DA:447,116
DA:448,116
DA:449,0
DA:450,0
DA:451,0
DA:452,0
DA:456,7
DA:457,25
BRF:0
BRH:0
LF:86
LH:47
end_of_record
SF:/home/steven/code/Rust/copybook-rs/copybook-codec/src/fidelity.rs
FN:892,_RNCNvNtNtCs8M7rtMEmd2k_14copybook_codec8fidelity5utils23calculate_batch_metrics0B7_
FN:900,_RNCNvNtNtCs8M7rtMEmd2k_14copybook_codec8fidelity5utils23calculate_batch_metricss0_0B7_
FN:905,_RNCNvNtNtCs8M7rtMEmd2k_14copybook_codec8fidelity5utils23calculate_batch_metricss1_0B7_
FN:896,_RNCNvNtNtCs8M7rtMEmd2k_14copybook_codec8fidelity5utils23calculate_batch_metricss_0B7_
FN:679,_RNCNvMNtCs8M7rtMEmd2k_14copybook_codec8fidelityNtB4_23BinaryFidelityValidator19generate_edge_cases0B6_
FN:512,_RNvMNtCs8M7rtMEmd2k_14copybook_codec8fidelityNtB2_23BinaryFidelityValidator14get_field_size
FN:687,_RNvMNtCs8M7rtMEmd2k_14copybook_codec8fidelityNtB2_23BinaryFidelityValidator14test_edge_case
FN:451,_RNvMNtCs8M7rtMEmd2k_14copybook_codec8fidelityNtB2_23BinaryFidelityValidator16calculate_sha256
FN:584,_RNvMNtCs8M7rtMEmd2k_14copybook_codec8fidelityNtB2_23BinaryFidelityValidator16get_field_offset
FN:589,_RNvMNtCs8M7rtMEmd2k_14copybook_codec8fidelityNtB2_23BinaryFidelityValidator16is_numeric_field
FN:670,_RNvMNtCs8M7rtMEmd2k_14copybook_codec8fidelityNtB2_23BinaryFidelityValidator19generate_edge_cases
FN:633,_RNvMNtCs8M7rtMEmd2k_14copybook_codec8fidelityNtB2_23BinaryFidelityValidator20get_cobol_field_type
FN:695,_RNvMNtCs8M7rtMEmd2k_14copybook_codec8fidelityNtB2_23BinaryFidelityValidator21count_different_bytes
FN:458,_RNvMNtCs8M7rtMEmd2k_14copybook_codec8fidelityNtB2_23BinaryFidelityValidator21find_byte_differences
FN:239,_RNvMNtCs8M7rtMEmd2k_14copybook_codec8fidelityNtB2_23BinaryFidelityValidator21with_precision_config
FN:601,_RNvMNtCs8M7rtMEmd2k_14copybook_codec8fidelityNtB2_23BinaryFidelityValidator23analyze_field_precision
FN:711,_RNvMNtCs8M7rtMEmd2k_14copybook_codec8fidelityNtB2_23BinaryFidelityValidator24determine_overall_status
FN:767,_RNvMNtCs8M7rtMEmd2k_14copybook_codec8fidelityNtB2_23BinaryFidelityValidator24estimate_memory_overhead
FN:750,_RNvMNtCs8M7rtMEmd2k_14copybook_codec8fidelityNtB2_23BinaryFidelityValidator26calculate_field_deviations
FN:773,_RNvMNtCs8M7rtMEmd2k_14copybook_codec8fidelityNtB2_23BinaryFidelityValidator27calculate_throughput_impact
FN:423,_RNvMNtCs8M7rtMEmd2k_14copybook_codec8fidelityNtB2_23BinaryFidelityValidator27validate_edge_case_handling
FN:395,_RNvMNtCs8M7rtMEmd2k_14copybook_codec8fidelityNtB2_23BinaryFidelityValidator27validate_format_consistency
FN:498,_RNvMNtCs8M7rtMEmd2k_14copybook_codec8fidelityNtB2_23BinaryFidelityValidator28get_field_context_for_offset
FN:619,_RNvMNtCs8M7rtMEmd2k_14copybook_codec8fidelityNtB2_23BinaryFidelityValidator29is_within_precision_tolerance
FN:651,_RNvMNtCs8M7rtMEmd2k_14copybook_codec8fidelityNtB2_23BinaryFidelityValidator30check_field_boundary_alignment
FN:331,_RNvMNtCs8M7rtMEmd2k_14copybook_codec8fidelityNtB2_23BinaryFidelityValidator30validate_field_level_integrity
FN:311,_RNvMNtCs8M7rtMEmd2k_14copybook_codec8fidelityNtB2_23BinaryFidelityValidator30validate_lossless_preservation
FN:661,_RNvMNtCs8M7rtMEmd2k_14copybook_codec8fidelityNtB2_23BinaryFidelityValidator31check_cobol_format_preservation
FN:245,_RNvMNtCs8M7rtMEmd2k_14copybook_codec8fidelityNtB2_23BinaryFidelityValidator31validate_comprehensive_fidelity
FN:361,_RNvMNtCs8M7rtMEmd2k_14copybook_codec8fidelityNtB2_23BinaryFidelityValidator31validate_precision_preservation
FN:524,_RNvMNtCs8M7rtMEmd2k_14copybook_codec8fidelityNtB2_23BinaryFidelityValidator31validate_single_field_integrity
FN:227,_RNvMNtCs8M7rtMEmd2k_14copybook_codec8fidelityNtB2_23BinaryFidelityValidator3new
FN:834,_RNvXs0_NtCs8M7rtMEmd2k_14copybook_codec8fidelityNtB5_12CodecOptionsNtNtCshnvtj5zUHGu_4core7default7Default7default
FN:782,_RNvXs_NtCs8M7rtMEmd2k_14copybook_codec8fidelityNtB4_15PrecisionConfigNtNtCshnvtj5zUHGu_4core7default7Default7default
FN:850,_RNvNtNtCs7MLK0KUMdQf_14copybook_codec8fidelity5utils25create_standard_validator
FN:679,_RNCNvMNtCs7MLK0KUMdQf_14copybook_codec8fidelityNtB4_23BinaryFidelityValidator19generate_edge_cases0B6_
FN:892,_RNCNvNtNtCs7MLK0KUMdQf_14copybook_codec8fidelity5utils23calculate_batch_metrics0B7_
FN:900,_RNCNvNtNtCs7MLK0KUMdQf_14copybook_codec8fidelity5utils23calculate_batch_metricss0_0B7_
FN:905,_RNCNvNtNtCs7MLK0KUMdQf_14copybook_codec8fidelity5utils23calculate_batch_metricss1_0B7_
FN:896,_RNCNvNtNtCs7MLK0KUMdQf_14copybook_codec8fidelity5utils23calculate_batch_metricss_0B7_
FN:687,_RNvMNtCs7MLK0KUMdQf_14copybook_codec8fidelityNtB2_23BinaryFidelityValidator14test_edge_case
FN:584,_RNvMNtCs7MLK0KUMdQf_14copybook_codec8fidelityNtB2_23BinaryFidelityValidator16get_field_offset
FN:589,_RNvMNtCs7MLK0KUMdQf_14copybook_codec8fidelityNtB2_23BinaryFidelityValidator16is_numeric_field
FN:670,_RNvMNtCs7MLK0KUMdQf_14copybook_codec8fidelityNtB2_23BinaryFidelityValidator19generate_edge_cases
FN:633,_RNvMNtCs7MLK0KUMdQf_14copybook_codec8fidelityNtB2_23BinaryFidelityValidator20get_cobol_field_type
FN:695,_RNvMNtCs7MLK0KUMdQf_14copybook_codec8fidelityNtB2_23BinaryFidelityValidator21count_different_bytes
FN:239,_RNvMNtCs7MLK0KUMdQf_14copybook_codec8fidelityNtB2_23BinaryFidelityValidator21with_precision_config
FN:601,_RNvMNtCs7MLK0KUMdQf_14copybook_codec8fidelityNtB2_23BinaryFidelityValidator23analyze_field_precision
FN:711,_RNvMNtCs7MLK0KUMdQf_14copybook_codec8fidelityNtB2_23BinaryFidelityValidator24determine_overall_status
FN:767,_RNvMNtCs7MLK0KUMdQf_14copybook_codec8fidelityNtB2_23BinaryFidelityValidator24estimate_memory_overhead
FN:750,_RNvMNtCs7MLK0KUMdQf_14copybook_codec8fidelityNtB2_23BinaryFidelityValidator26calculate_field_deviations
FN:773,_RNvMNtCs7MLK0KUMdQf_14copybook_codec8fidelityNtB2_23BinaryFidelityValidator27calculate_throughput_impact
FN:423,_RNvMNtCs7MLK0KUMdQf_14copybook_codec8fidelityNtB2_23BinaryFidelityValidator27validate_edge_case_handling
FN:395,_RNvMNtCs7MLK0KUMdQf_14copybook_codec8fidelityNtB2_23BinaryFidelityValidator27validate_format_consistency
FN:619,_RNvMNtCs7MLK0KUMdQf_14copybook_codec8fidelityNtB2_23BinaryFidelityValidator29is_within_precision_tolerance
FN:651,_RNvMNtCs7MLK0KUMdQf_14copybook_codec8fidelityNtB2_23BinaryFidelityValidator30check_field_boundary_alignment
FN:331,_RNvMNtCs7MLK0KUMdQf_14copybook_codec8fidelityNtB2_23BinaryFidelityValidator30validate_field_level_integrity
FN:311,_RNvMNtCs7MLK0KUMdQf_14copybook_codec8fidelityNtB2_23BinaryFidelityValidator30validate_lossless_preservation
FN:661,_RNvMNtCs7MLK0KUMdQf_14copybook_codec8fidelityNtB2_23BinaryFidelityValidator31check_cobol_format_preservation
FN:245,_RNvMNtCs7MLK0KUMdQf_14copybook_codec8fidelityNtB2_23BinaryFidelityValidator31validate_comprehensive_fidelity
FN:361,_RNvMNtCs7MLK0KUMdQf_14copybook_codec8fidelityNtB2_23BinaryFidelityValidator31validate_precision_preservation
FN:524,_RNvMNtCs7MLK0KUMdQf_14copybook_codec8fidelityNtB2_23BinaryFidelityValidator31validate_single_field_integrity
FN:888,_RNvNtNtCs7MLK0KUMdQf_14copybook_codec8fidelity5utils23calculate_batch_metrics
FN:873,_RNvNtNtCs7MLK0KUMdQf_14copybook_codec8fidelity5utils23validate_batch_fidelity
FN:855,_RNvNtNtCs7MLK0KUMdQf_14copybook_codec8fidelity5utils26create_financial_validator
FN:958,_RNvNtNtCs7MLK0KUMdQf_14copybook_codec8fidelity5testss_21test_byte_differences
FN:948,_RNvNtNtCs7MLK0KUMdQf_14copybook_codec8fidelity5testss_23test_sha256_calculation
FN:1000,_RNvNtNtCs7MLK0KUMdQf_14copybook_codec8fidelity5testss_27test_field_size_calculation
FN:991,_RNvNtNtCs7MLK0KUMdQf_14copybook_codec8fidelity5testss_29test_utils_standard_validator
FN:938,_RNvNtNtCs7MLK0KUMdQf_14copybook_codec8fidelity5testss_32test_fidelity_validator_creation
FN:974,_RNvNtNtCs7MLK0KUMdQf_14copybook_codec8fidelity5testss_33test_precision_tolerance_defaults
FN:512,_RNvMNtCs7MLK0KUMdQf_14copybook_codec8fidelityNtB2_23BinaryFidelityValidator14get_field_size
FN:451,_RNvMNtCs7MLK0KUMdQf_14copybook_codec8fidelityNtB2_23BinaryFidelityValidator16calculate_sha256
FN:458,_RNvMNtCs7MLK0KUMdQf_14copybook_codec8fidelityNtB2_23BinaryFidelityValidator21find_byte_differences
FN:498,_RNvMNtCs7MLK0KUMdQf_14copybook_codec8fidelityNtB2_23BinaryFidelityValidator28get_field_context_for_offset
FN:227,_RNvMNtCs7MLK0KUMdQf_14copybook_codec8fidelityNtB2_23BinaryFidelityValidator3new
FN:834,_RNvXs0_NtCs7MLK0KUMdQf_14copybook_codec8fidelityNtB5_12CodecOptionsNtNtCshnvtj5zUHGu_4core7default7Default7default
FN:782,_RNvXs_NtCs7MLK0KUMdQf_14copybook_codec8fidelityNtB4_15PrecisionConfigNtNtCshnvtj5zUHGu_4core7default7Default7default
FNDA:0,_RNCNvNtNtCs8M7rtMEmd2k_14copybook_codec8fidelity5utils23calculate_batch_metrics0B7_
FNDA:0,_RNCNvNtNtCs8M7rtMEmd2k_14copybook_codec8fidelity5utils23calculate_batch_metricss0_0B7_
FNDA:0,_RNCNvNtNtCs8M7rtMEmd2k_14copybook_codec8fidelity5utils23calculate_batch_metricss1_0B7_
FNDA:0,_RNCNvNtNtCs8M7rtMEmd2k_14copybook_codec8fidelity5utils23calculate_batch_metricss_0B7_
FNDA:0,_RNCNvMNtCs8M7rtMEmd2k_14copybook_codec8fidelityNtB4_23BinaryFidelityValidator19generate_edge_cases0B6_
FNDA:0,_RNvMNtCs8M7rtMEmd2k_14copybook_codec8fidelityNtB2_23BinaryFidelityValidator14get_field_size
FNDA:0,_RNvMNtCs8M7rtMEmd2k_14copybook_codec8fidelityNtB2_23BinaryFidelityValidator14test_edge_case
FNDA:0,_RNvMNtCs8M7rtMEmd2k_14copybook_codec8fidelityNtB2_23BinaryFidelityValidator16calculate_sha256
FNDA:0,_RNvMNtCs8M7rtMEmd2k_14copybook_codec8fidelityNtB2_23BinaryFidelityValidator16get_field_offset
FNDA:0,_RNvMNtCs8M7rtMEmd2k_14copybook_codec8fidelityNtB2_23BinaryFidelityValidator16is_numeric_field
FNDA:0,_RNvMNtCs8M7rtMEmd2k_14copybook_codec8fidelityNtB2_23BinaryFidelityValidator19generate_edge_cases
FNDA:0,_RNvMNtCs8M7rtMEmd2k_14copybook_codec8fidelityNtB2_23BinaryFidelityValidator20get_cobol_field_type
FNDA:0,_RNvMNtCs8M7rtMEmd2k_14copybook_codec8fidelityNtB2_23BinaryFidelityValidator21count_different_bytes
FNDA:0,_RNvMNtCs8M7rtMEmd2k_14copybook_codec8fidelityNtB2_23BinaryFidelityValidator21find_byte_differences
FNDA:0,_RNvMNtCs8M7rtMEmd2k_14copybook_codec8fidelityNtB2_23BinaryFidelityValidator21with_precision_config
FNDA:0,_RNvMNtCs8M7rtMEmd2k_14copybook_codec8fidelityNtB2_23BinaryFidelityValidator23analyze_field_precision
FNDA:0,_RNvMNtCs8M7rtMEmd2k_14copybook_codec8fidelityNtB2_23BinaryFidelityValidator24determine_overall_status
FNDA:0,_RNvMNtCs8M7rtMEmd2k_14copybook_codec8fidelityNtB2_23BinaryFidelityValidator24estimate_memory_overhead
FNDA:0,_RNvMNtCs8M7rtMEmd2k_14copybook_codec8fidelityNtB2_23BinaryFidelityValidator26calculate_field_deviations
FNDA:0,_RNvMNtCs8M7rtMEmd2k_14copybook_codec8fidelityNtB2_23BinaryFidelityValidator27calculate_throughput_impact
FNDA:0,_RNvMNtCs8M7rtMEmd2k_14copybook_codec8fidelityNtB2_23BinaryFidelityValidator27validate_edge_case_handling
FNDA:0,_RNvMNtCs8M7rtMEmd2k_14copybook_codec8fidelityNtB2_23BinaryFidelityValidator27validate_format_consistency
FNDA:0,_RNvMNtCs8M7rtMEmd2k_14copybook_codec8fidelityNtB2_23BinaryFidelityValidator28get_field_context_for_offset
FNDA:0,_RNvMNtCs8M7rtMEmd2k_14copybook_codec8fidelityNtB2_23BinaryFidelityValidator29is_within_precision_tolerance
FNDA:0,_RNvMNtCs8M7rtMEmd2k_14copybook_codec8fidelityNtB2_23BinaryFidelityValidator30check_field_boundary_alignment
FNDA:0,_RNvMNtCs8M7rtMEmd2k_14copybook_codec8fidelityNtB2_23BinaryFidelityValidator30validate_field_level_integrity
FNDA:0,_RNvMNtCs8M7rtMEmd2k_14copybook_codec8fidelityNtB2_23BinaryFidelityValidator30validate_lossless_preservation
FNDA:0,_RNvMNtCs8M7rtMEmd2k_14copybook_codec8fidelityNtB2_23BinaryFidelityValidator31check_cobol_format_preservation
FNDA:0,_RNvMNtCs8M7rtMEmd2k_14copybook_codec8fidelityNtB2_23BinaryFidelityValidator31validate_comprehensive_fidelity
FNDA:0,_RNvMNtCs8M7rtMEmd2k_14copybook_codec8fidelityNtB2_23BinaryFidelityValidator31validate_precision_preservation
FNDA:0,_RNvMNtCs8M7rtMEmd2k_14copybook_codec8fidelityNtB2_23BinaryFidelityValidator31validate_single_field_integrity
FNDA:0,_RNvMNtCs8M7rtMEmd2k_14copybook_codec8fidelityNtB2_23BinaryFidelityValidator3new
FNDA:0,_RNvXs0_NtCs8M7rtMEmd2k_14copybook_codec8fidelityNtB5_12CodecOptionsNtNtCshnvtj5zUHGu_4core7default7Default7default
FNDA:0,_RNvXs_NtCs8M7rtMEmd2k_14copybook_codec8fidelityNtB4_15PrecisionConfigNtNtCshnvtj5zUHGu_4core7default7Default7default
FNDA:1,_RNvNtNtCs7MLK0KUMdQf_14copybook_codec8fidelity5utils25create_standard_validator
FNDA:0,_RNCNvMNtCs7MLK0KUMdQf_14copybook_codec8fidelityNtB4_23BinaryFidelityValidator19generate_edge_cases0B6_
FNDA:0,_RNCNvNtNtCs7MLK0KUMdQf_14copybook_codec8fidelity5utils23calculate_batch_metrics0B7_
FNDA:0,_RNCNvNtNtCs7MLK0KUMdQf_14copybook_codec8fidelity5utils23calculate_batch_metricss0_0B7_
FNDA:0,_RNCNvNtNtCs7MLK0KUMdQf_14copybook_codec8fidelity5utils23calculate_batch_metricss1_0B7_
FNDA:0,_RNCNvNtNtCs7MLK0KUMdQf_14copybook_codec8fidelity5utils23calculate_batch_metricss_0B7_
FNDA:0,_RNvMNtCs7MLK0KUMdQf_14copybook_codec8fidelityNtB2_23BinaryFidelityValidator14test_edge_case
FNDA:0,_RNvMNtCs7MLK0KUMdQf_14copybook_codec8fidelityNtB2_23BinaryFidelityValidator16get_field_offset
FNDA:0,_RNvMNtCs7MLK0KUMdQf_14copybook_codec8fidelityNtB2_23BinaryFidelityValidator16is_numeric_field
FNDA:0,_RNvMNtCs7MLK0KUMdQf_14copybook_codec8fidelityNtB2_23BinaryFidelityValidator19generate_edge_cases
FNDA:0,_RNvMNtCs7MLK0KUMdQf_14copybook_codec8fidelityNtB2_23BinaryFidelityValidator20get_cobol_field_type
FNDA:0,_RNvMNtCs7MLK0KUMdQf_14copybook_codec8fidelityNtB2_23BinaryFidelityValidator21count_different_bytes
FNDA:0,_RNvMNtCs7MLK0KUMdQf_14copybook_codec8fidelityNtB2_23BinaryFidelityValidator21with_precision_config
FNDA:0,_RNvMNtCs7MLK0KUMdQf_14copybook_codec8fidelityNtB2_23BinaryFidelityValidator23analyze_field_precision
FNDA:0,_RNvMNtCs7MLK0KUMdQf_14copybook_codec8fidelityNtB2_23BinaryFidelityValidator24determine_overall_status
FNDA:0,_RNvMNtCs7MLK0KUMdQf_14copybook_codec8fidelityNtB2_23BinaryFidelityValidator24estimate_memory_overhead
FNDA:0,_RNvMNtCs7MLK0KUMdQf_14copybook_codec8fidelityNtB2_23BinaryFidelityValidator26calculate_field_deviations
FNDA:0,_RNvMNtCs7MLK0KUMdQf_14copybook_codec8fidelityNtB2_23BinaryFidelityValidator27calculate_throughput_impact
FNDA:0,_RNvMNtCs7MLK0KUMdQf_14copybook_codec8fidelityNtB2_23BinaryFidelityValidator27validate_edge_case_handling
FNDA:0,_RNvMNtCs7MLK0KUMdQf_14copybook_codec8fidelityNtB2_23BinaryFidelityValidator27validate_format_consistency
FNDA:0,_RNvMNtCs7MLK0KUMdQf_14copybook_codec8fidelityNtB2_23BinaryFidelityValidator29is_within_precision_tolerance
FNDA:0,_RNvMNtCs7MLK0KUMdQf_14copybook_codec8fidelityNtB2_23BinaryFidelityValidator30check_field_boundary_alignment
FNDA:0,_RNvMNtCs7MLK0KUMdQf_14copybook_codec8fidelityNtB2_23BinaryFidelityValidator30validate_field_level_integrity
FNDA:0,_RNvMNtCs7MLK0KUMdQf_14copybook_codec8fidelityNtB2_23BinaryFidelityValidator30validate_lossless_preservation
FNDA:0,_RNvMNtCs7MLK0KUMdQf_14copybook_codec8fidelityNtB2_23BinaryFidelityValidator31check_cobol_format_preservation
FNDA:0,_RNvMNtCs7MLK0KUMdQf_14copybook_codec8fidelityNtB2_23BinaryFidelityValidator31validate_comprehensive_fidelity
FNDA:0,_RNvMNtCs7MLK0KUMdQf_14copybook_codec8fidelityNtB2_23BinaryFidelityValidator31validate_precision_preservation
FNDA:0,_RNvMNtCs7MLK0KUMdQf_14copybook_codec8fidelityNtB2_23BinaryFidelityValidator31validate_single_field_integrity
FNDA:0,_RNvNtNtCs7MLK0KUMdQf_14copybook_codec8fidelity5utils23calculate_batch_metrics
FNDA:0,_RNvNtNtCs7MLK0KUMdQf_14copybook_codec8fidelity5utils23validate_batch_fidelity
FNDA:0,_RNvNtNtCs7MLK0KUMdQf_14copybook_codec8fidelity5utils26create_financial_validator
FNDA:1,_RNvNtNtCs7MLK0KUMdQf_14copybook_codec8fidelity5testss_21test_byte_differences
FNDA:1,_RNvNtNtCs7MLK0KUMdQf_14copybook_codec8fidelity5testss_23test_sha256_calculation
FNDA:1,_RNvNtNtCs7MLK0KUMdQf_14copybook_codec8fidelity5testss_27test_field_size_calculation
FNDA:1,_RNvNtNtCs7MLK0KUMdQf_14copybook_codec8fidelity5testss_29test_utils_standard_validator
FNDA:1,_RNvNtNtCs7MLK0KUMdQf_14copybook_codec8fidelity5testss_32test_fidelity_validator_creation
FNDA:1,_RNvNtNtCs7MLK0KUMdQf_14copybook_codec8fidelity5testss_33test_precision_tolerance_defaults
FNDA:2,_RNvMNtCs7MLK0KUMdQf_14copybook_codec8fidelityNtB2_23BinaryFidelityValidator14get_field_size
FNDA:2,_RNvMNtCs7MLK0KUMdQf_14copybook_codec8fidelityNtB2_23BinaryFidelityValidator16calculate_sha256
FNDA:1,_RNvMNtCs7MLK0KUMdQf_14copybook_codec8fidelityNtB2_23BinaryFidelityValidator21find_byte_differences
FNDA:1,_RNvMNtCs7MLK0KUMdQf_14copybook_codec8fidelityNtB2_23BinaryFidelityValidator28get_field_context_for_offset
FNDA:4,_RNvMNtCs7MLK0KUMdQf_14copybook_codec8fidelityNtB2_23BinaryFidelityValidator3new
FNDA:4,_RNvXs0_NtCs7MLK0KUMdQf_14copybook_codec8fidelityNtB5_12CodecOptionsNtNtCshnvtj5zUHGu_4core7default7Default7default
FNDA:5,_RNvXs_NtCs7MLK0KUMdQf_14copybook_codec8fidelityNtB4_15PrecisionConfigNtNtCshnvtj5zUHGu_4core7default7Default7default
FNF:44
FNH:14
DA:227,4
DA:228,4
DA:229,4
DA:230,4
DA:231,4
DA:232,4
DA:233,4
DA:234,4
DA:235,4
DA:239,0
DA:240,0
DA:241,0
DA:242,0
DA:245,0
DA:246,0
DA:247,0
DA:248,0
DA:249,0
DA:252,0
DA:253,0
DA:254,0
DA:255,0
DA:256,0
DA:257,0
DA:260,0
DA:263,0
DA:266,0
DA:267,0
DA:270,0
DA:271,0
DA:274,0
DA:277,0
DA:279,0
DA:282,0
DA:283,0
DA:284,0
DA:285,0
DA:286,0
DA:289,0
DA:290,0
DA:291,0
DA:292,0
DA:293,0
DA:294,0
DA:296,0
DA:297,0
DA:298,0
DA:299,0
DA:300,0
DA:302,0
DA:303,0
DA:304,0
DA:305,0
DA:306,0
DA:307,0
DA:308,0
DA:311,0
DA:312,0
DA:313,0
DA:314,0
DA:315,0
DA:316,0
DA:317,0
DA:318,0
DA:320,0
DA:321,0
DA:323,0
DA:324,0
DA:325,0
DA:326,0
DA:327,0
DA:328,0
DA:331,0
DA:332,0
DA:333,0
DA:334,0
DA:335,0
DA:336,0
DA:337,0
DA:338,0
DA:341,0
DA:342,0
DA:343,0
DA:344,0
DA:345,0
DA:346,0
DA:348,0
DA:349,0
DA:350,0
DA:351,0
DA:354,0
DA:355,0
DA:356,0
DA:357,0
DA:358,0
DA:361,0
DA:362,0
DA:363,0
DA:364,0
DA:365,0
DA:366,0
DA:367,0
DA:368,0
DA:371,0
DA:372,0
DA:373,0
DA:374,0
DA:375,0
DA:376,0
DA:377,0
DA:379,0
DA:380,0
DA:381,0
DA:382,0
DA:383,0
DA:384,0
DA:385,0
DA:388,0
DA:389,0
DA:390,0
DA:391,0
DA:392,0
DA:395,0
DA:396,0
DA:397,0
DA:398,0
DA:399,0
DA:402,0
DA:403,0
DA:404,0
DA:405,0
DA:406,0
DA:407,0
DA:408,0
DA:411,0
DA:414,0
DA:416,0
DA:417,0
DA:418,0
DA:419,0
DA:420,0
DA:423,0
DA:424,0
DA:425,0
DA:426,0
DA:427,0
DA:428,0
DA:429,0
DA:430,0
DA:431,0
DA:433,0
DA:434,0
DA:435,0
DA:436,0
DA:437,0
DA:438,0
DA:439,0
DA:443,0
DA:444,0
DA:445,0
DA:446,0
DA:447,0
DA:448,0
DA:451,2
DA:452,2
DA:453,2
DA:454,2
DA:455,2
DA:458,1
DA:459,1
DA:460,1
DA:462,11
DA:463,11
DA:464,1
DA:465,1
DA:466,1
DA:467,1
DA:468,1
DA:469,1
DA:470,10
DA:474,1
DA:475,0
DA:476,0
DA:478,0
DA:480,0
DA:481,0
DA:482,0
DA:483,0
DA:484,0
DA:485,0
DA:487,0
DA:489,0
DA:492,1
DA:494,1
DA:495,1
DA:498,1
DA:500,1
DA:501,1
DA:502,1
DA:503,1
DA:504,1
DA:505,0
DA:506,0
DA:508,0
DA:509,1
DA:512,2
DA:513,2
DA:517,2
DA:519,0
DA:521,2
DA:524,0
DA:525,0
DA:526,0
DA:527,0
DA:528,0
DA:529,0
DA:530,0
DA:531,0
DA:532,0
DA:534,0
DA:535,0
DA:537,0
DA:540,0
DA:541,0
DA:543,0
DA:546,0
DA:547,0
DA:550,0
DA:551,0
DA:552,0
DA:553,0
DA:554,0
DA:555,0
DA:557,0
DA:558,0
DA:560,0
DA:563,0
DA:564,0
DA:565,0
DA:566,0
DA:567,0
DA:568,0
DA:569,0
DA:570,0
DA:574,0
DA:575,0
DA:576,0
DA:577,0
DA:578,0
DA:579,0
DA:580,0
DA:581,0
DA:584,0
DA:585,0
DA:586,0
DA:589,0
DA:590,0
DA:593,0
DA:594,0
DA:595,0
DA:596,0
DA:598,0
DA:601,0
DA:602,0
DA:603,0
DA:604,0
DA:605,0
DA:606,0
DA:608,0
DA:609,0
DA:610,0
DA:611,0
DA:612,0
DA:613,0
DA:614,0
DA:615,0
DA:616,0
DA:619,0
DA:620,0
DA:621,0
DA:622,0
DA:623,0
DA:625,0
DA:626,0
DA:628,0
DA:630,0
DA:633,0
DA:634,0
DA:635,0
DA:636,0
DA:637,0
DA:638,0
DA:639,0
DA:641,0
DA:644,0
DA:645,0
DA:646,0
DA:648,0
DA:651,0
DA:652,0
DA:653,0
DA:654,0
DA:655,0
DA:658,0
DA:661,0
DA:662,0
DA:663,0
DA:664,0
DA:665,0
DA:667,0
DA:670,0
DA:671,0
DA:674,0
DA:675,0
DA:676,0
DA:677,0
DA:678,0
DA:679,0
DA:680,0
DA:683,0
DA:684,0
DA:687,0
DA:689,0
DA:690,0
DA:691,0
DA:692,0
DA:695,0
DA:696,0
DA:697,0
DA:699,0
DA:700,0
DA:701,0
DA:702,0
DA:706,0
DA:707,0
DA:708,0
DA:711,0
DA:712,0
DA:713,0
DA:714,0
DA:715,0
DA:716,0
DA:717,0
DA:718,0
DA:719,0
DA:720,0
DA:722,0
DA:723,0
DA:724,0
DA:725,0
DA:726,0
DA:727,0
DA:728,0
DA:729,0
DA:730,0
DA:731,0
DA:732,0
DA:733,0
DA:734,0
DA:735,0
DA:738,0
DA:739,0
DA:740,0
DA:741,0
DA:742,0
DA:743,0
DA:745,0
DA:747,0
DA:750,0
DA:751,0
DA:753,0
DA:754,0
DA:755,0
DA:756,0
DA:757,0
DA:758,0
DA:759,0
DA:760,0
DA:763,0
DA:764,0
DA:767,0
DA:769,0
DA:770,0
DA:773,0
DA:775,0
DA:776,0
DA:777,0
DA:782,5
DA:783,5
DA:785,5
DA:786,5
DA:787,5
DA:788,5
DA:789,5
DA:790,5
DA:791,5
DA:794,5
DA:795,5
DA:796,5
DA:797,5
DA:798,5
DA:799,5
DA:800,5
DA:803,5
DA:804,5
DA:805,5
DA:806,5
DA:807,5
DA:808,5
DA:809,5
DA:812,5
DA:813,5
DA:814,5
DA:815,5
DA:816,5
DA:817,5
DA:818,5
DA:821,5
DA:822,5
DA:823,5
DA:824,5
DA:825,5
DA:826,5
DA:827,5
DA:828,5
DA:829,5
DA:834,4
DA:835,4
DA:836,4
DA:837,4
DA:838,4
DA:839,4
DA:850,1
DA:851,1
DA:852,1
DA:855,0
DA:856,0
DA:857,0
DA:860,0
DA:861,0
DA:862,0
DA:863,0
DA:864,0
DA:865,0
DA:866,0
DA:868,0
DA:869,0
DA:870,0
DA:873,0
DA:874,0
DA:875,0
DA:876,0
DA:877,0
DA:879,0
DA:880,0
DA:881,0
DA:884,0
DA:885,0
DA:888,0
DA:889,0
DA:890,0
DA:891,0
DA:892,0
DA:893,0
DA:894,0
DA:895,0
DA:896,0
DA:897,0
DA:898,0
DA:899,0
DA:900,0
DA:901,0
DA:903,0
DA:904,0
DA:905,0
DA:906,0
DA:907,0
DA:908,0
DA:910,0
DA:911,0
DA:912,0
DA:913,0
DA:914,0
DA:915,0
DA:916,0
DA:917,0
DA:918,0
DA:938,1
DA:939,1
DA:940,1
DA:941,1
DA:944,1
DA:945,1
DA:948,1
DA:949,1
DA:950,1
DA:951,1
DA:953,1
DA:954,1
DA:955,1
DA:958,1
DA:959,1
DA:960,1
DA:961,1
DA:963,1
DA:964,1
DA:966,1
DA:967,1
DA:968,1
DA:969,1
DA:970,1
DA:971,1
DA:974,1
DA:975,1
DA:977,1
DA:978,1
DA:979,1
DA:980,1
DA:982,1
DA:983,1
DA:984,1
DA:985,1
DA:987,1
DA:988,1
DA:991,1
DA:992,1
DA:993,1
DA:994,1
DA:996,1
DA:997,1
DA:1000,1
DA:1001,1
DA:1002,1
DA:1003,1
DA:1005,1
DA:1006,1
DA:1007,1
DA:1008,0
DA:1009,1
BRF:0
BRH:0
LF:544
LH:140
end_of_record
SF:/home/steven/code/Rust/copybook-rs/copybook-codec/src/lib_api.rs
FN:1273,_RINvNtCs8M7rtMEmd2k_14copybook_codec7lib_api20decode_file_to_jsonlNtNtCs4eoO4cHkFdT_3std2fs4FileQDNtNtB16_2io5WriteEL_ECsi2GSroy6duf_8copybook
FN:1410,_RINvNtCs8M7rtMEmd2k_14copybook_codec7lib_api20encode_jsonl_to_fileNtNtCs4eoO4cHkFdT_3std2fs4FileQDNtNtB16_2io5WriteEL_ECsi2GSroy6duf_8copybook
FN:1283,_RNCINvNtCs8M7rtMEmd2k_14copybook_codec7lib_api20decode_file_to_jsonlNtNtCs4eoO4cHkFdT_3std2fs4FileQDNtNtB18_2io5WriteEL_E0Csi2GSroy6duf_8copybook
FN:1303,_RNCINvNtCs8M7rtMEmd2k_14copybook_codec7lib_api20decode_file_to_jsonlNtNtCs4eoO4cHkFdT_3std2fs4FileQDNtNtB18_2io5WriteEL_Es0_0Csi2GSroy6duf_8copybook
FN:1367,_RNCINvNtCs8M7rtMEmd2k_14copybook_codec7lib_api20decode_file_to_jsonlNtNtCs4eoO4cHkFdT_3std2fs4FileQDNtNtB18_2io5WriteEL_Es1_0Csi2GSroy6duf_8copybook
FN:1370,_RNCINvNtCs8M7rtMEmd2k_14copybook_codec7lib_api20decode_file_to_jsonlNtNtCs4eoO4cHkFdT_3std2fs4FileQDNtNtB18_2io5WriteEL_Es2_0Csi2GSroy6duf_8copybook
FN:1391,_RNCINvNtCs8M7rtMEmd2k_14copybook_codec7lib_api20decode_file_to_jsonlNtNtCs4eoO4cHkFdT_3std2fs4FileQDNtNtB18_2io5WriteEL_Es3_0Csi2GSroy6duf_8copybook
FN:1300,_RNCINvNtCs8M7rtMEmd2k_14copybook_codec7lib_api20decode_file_to_jsonlNtNtCs4eoO4cHkFdT_3std2fs4FileQDNtNtB18_2io5WriteEL_Es_0Csi2GSroy6duf_8copybook
FN:1424,_RNCINvNtCs8M7rtMEmd2k_14copybook_codec7lib_api20encode_jsonl_to_fileNtNtCs4eoO4cHkFdT_3std2fs4FileQDNtNtB18_2io5WriteEL_E0Csi2GSroy6duf_8copybook
FN:1441,_RNCINvNtCs8M7rtMEmd2k_14copybook_codec7lib_api20encode_jsonl_to_fileNtNtCs4eoO4cHkFdT_3std2fs4FileQDNtNtB18_2io5WriteEL_Es0_0Csi2GSroy6duf_8copybook
FN:1434,_RNCINvNtCs8M7rtMEmd2k_14copybook_codec7lib_api20encode_jsonl_to_fileNtNtCs4eoO4cHkFdT_3std2fs4FileQDNtNtB18_2io5WriteEL_Es_0Csi2GSroy6duf_8copybook
FN:1476,_RNvMs0_NtCs8M7rtMEmd2k_14copybook_codec7lib_apiINtB5_14RecordIteratorINtNtNtNtCs4eoO4cHkFdT_3std2io8buffered9bufreader9BufReaderNtNtB1e_2fs4FileEE3newCsi2GSroy6duf_8copybook
FN:1513,_RNvXs1_NtCs8M7rtMEmd2k_14copybook_codec7lib_apiINtB5_14RecordIteratorINtNtNtNtCs4eoO4cHkFdT_3std2io8buffered9bufreader9BufReaderNtNtB1e_2fs4FileEENtNtNtNtCshnvtj5zUHGu_4core4iter6traits8iterator8Iterator4nextCsi2GSroy6duf_8copybook
FN:127,_RNvMNtCs8M7rtMEmd2k_14copybook_codec7lib_apiNtB2_10RunSummary10error_rate
FN:91,_RNvMNtCs8M7rtMEmd2k_14copybook_codec7lib_apiNtB2_10RunSummary10has_errors
FN:97,_RNvMNtCs8M7rtMEmd2k_14copybook_codec7lib_apiNtB2_10RunSummary12has_warnings
FN:116,_RNvMNtCs8M7rtMEmd2k_14copybook_codec7lib_apiNtB2_10RunSummary12success_rate
FN:72,_RNvMNtCs8M7rtMEmd2k_14copybook_codec7lib_apiNtB2_10RunSummary12with_threads
FN:103,_RNvMNtCs8M7rtMEmd2k_14copybook_codec7lib_apiNtB2_10RunSummary13is_successful
FN:109,_RNvMNtCs8M7rtMEmd2k_14copybook_codec7lib_apiNtB2_10RunSummary13total_records
FN:141,_RNvMNtCs8M7rtMEmd2k_14copybook_codec7lib_apiNtB2_10RunSummary18bytes_processed_mb
FN:81,_RNvMNtCs8M7rtMEmd2k_14copybook_codec7lib_apiNtB2_10RunSummary20calculate_throughput
FN:151,_RNvMNtCs8M7rtMEmd2k_14copybook_codec7lib_apiNtB2_10RunSummary21set_peak_memory_bytes
FN:146,_RNvMNtCs8M7rtMEmd2k_14copybook_codec7lib_apiNtB2_10RunSummary22set_schema_fingerprint
FN:134,_RNvMNtCs8M7rtMEmd2k_14copybook_codec7lib_apiNtB2_10RunSummary23processing_time_seconds
FN:66,_RNvMNtCs8M7rtMEmd2k_14copybook_codec7lib_apiNtB2_10RunSummary3new
FN:196,_RNvNtCs8M7rtMEmd2k_14copybook_codec7lib_api13decode_record
FN:1030,_RNvNtCs8M7rtMEmd2k_14copybook_codec7lib_api13encode_record
FN:875,_RNvNtCs8M7rtMEmd2k_14copybook_codec7lib_api18find_field_by_path
FN:562,_RNvNtCs8M7rtMEmd2k_14copybook_codec7lib_api19process_array_field
FN:20,_RNvNtCs8M7rtMEmd2k_14copybook_codec7lib_api19validate_odo_bounds
FN:896,_RNvNtCs8M7rtMEmd2k_14copybook_codec7lib_api20adjust_field_offsets
FN:1106,_RNvNtCs8M7rtMEmd2k_14copybook_codec7lib_api22encode_fields_to_bytes
FN:1126,_RNvNtCs8M7rtMEmd2k_14copybook_codec7lib_api23encode_fields_recursive
FN:300,_RNvNtCs8M7rtMEmd2k_14copybook_codec7lib_api24process_fields_recursive
FN:915,_RNvNtCs8M7rtMEmd2k_14copybook_codec7lib_api25decode_scalar_field_value
FN:1267,_RNvNtCs8M7rtMEmd2k_14copybook_codec7lib_api25increment_warning_counter
FN:215,_RNvNtCs8M7rtMEmd2k_14copybook_codec7lib_api26decode_record_with_scratch
FN:256,_RNvNtCs8M7rtMEmd2k_14copybook_codec7lib_api27decode_record_with_raw_data
FN:777,_RNvNtCs8M7rtMEmd2k_14copybook_codec7lib_api27find_and_read_counter_field
FN:1563,_RNvNtCs8M7rtMEmd2k_14copybook_codec7lib_api32format_zoned_decimal_with_digits
FN:636,_RNvNtCs8M7rtMEmd2k_14copybook_codec7lib_api32process_array_field_with_scratch
FN:225,_RNvNtCs8M7rtMEmd2k_14copybook_codec7lib_api34decode_record_with_scratch_and_raw
FN:429,_RNvNtCs8M7rtMEmd2k_14copybook_codec7lib_api37process_fields_recursive_with_scratch
FN:157,_RNvXs_NtCs8M7rtMEmd2k_14copybook_codec7lib_apiNtB4_10RunSummaryNtNtCshnvtj5zUHGu_4core3fmt7Display3fmt
FN:1040,_RNCNvNtCs8M7rtMEmd2k_14copybook_codec7lib_api13encode_record0B5_
FN:902,_RNCNvNtCs8M7rtMEmd2k_14copybook_codec7lib_api20adjust_field_offsets0B5_
FN:1111,_RNCNvNtCs8M7rtMEmd2k_14copybook_codec7lib_api22encode_fields_to_bytes0B5_
FN:1139,_RNCNvNtCs8M7rtMEmd2k_14copybook_codec7lib_api23encode_fields_recursive0B5_
FN:1268,_RNCNvNtCs8M7rtMEmd2k_14copybook_codec7lib_api25increment_warning_counter0B5_
FN:817,_RNCNvNtCs8M7rtMEmd2k_14copybook_codec7lib_api27find_and_read_counter_field0B5_
FN:856,_RNCNvNtCs8M7rtMEmd2k_14copybook_codec7lib_api27find_and_read_counter_fields_0B5_
FN:1410,_RINvNtCs8M7rtMEmd2k_14copybook_codec7lib_api20encode_jsonl_to_fileINtNtNtCs4eoO4cHkFdT_3std2io6cursor6CursorNtNtCs31agqjrRntl_5alloc6string6StringEQINtNtB1M_3vec3VechEECsbBC70Nz1Y6g_31binary_roundtrip_fidelity_tests
FN:1424,_RNCINvNtCs8M7rtMEmd2k_14copybook_codec7lib_api20encode_jsonl_to_fileINtNtNtCs4eoO4cHkFdT_3std2io6cursor6CursorNtNtCs31agqjrRntl_5alloc6string6StringEQINtNtB1O_3vec3VechEE0CsbBC70Nz1Y6g_31binary_roundtrip_fidelity_tests
FN:1441,_RNCINvNtCs8M7rtMEmd2k_14copybook_codec7lib_api20encode_jsonl_to_fileINtNtNtCs4eoO4cHkFdT_3std2io6cursor6CursorNtNtCs31agqjrRntl_5alloc6string6StringEQINtNtB1O_3vec3VechEEs0_0CsbBC70Nz1Y6g_31binary_roundtrip_fidelity_tests
FN:1434,_RNCINvNtCs8M7rtMEmd2k_14copybook_codec7lib_api20encode_jsonl_to_fileINtNtNtCs4eoO4cHkFdT_3std2io6cursor6CursorNtNtCs31agqjrRntl_5alloc6string6StringEQINtNtB1O_3vec3VechEEs_0CsbBC70Nz1Y6g_31binary_roundtrip_fidelity_tests
FN:1273,_RINvNtCs8M7rtMEmd2k_14copybook_codec7lib_api20decode_file_to_jsonlINtNtNtCs4eoO4cHkFdT_3std2io6cursor6CursorRINtNtCs31agqjrRntl_5alloc3vec3VechEEQB1J_ECslzLlZWW49z1_18canonical_fixtures
FN:1410,_RINvNtCs8M7rtMEmd2k_14copybook_codec7lib_api20encode_jsonl_to_fileINtNtNtCs4eoO4cHkFdT_3std2io6cursor6CursorRShEQINtNtCs31agqjrRntl_5alloc3vec3VechEECslzLlZWW49z1_18canonical_fixtures
FN:1283,_RNCINvNtCs8M7rtMEmd2k_14copybook_codec7lib_api20decode_file_to_jsonlINtNtNtCs4eoO4cHkFdT_3std2io6cursor6CursorRINtNtCs31agqjrRntl_5alloc3vec3VechEEQB1L_E0CslzLlZWW49z1_18canonical_fixtures
FN:1303,_RNCINvNtCs8M7rtMEmd2k_14copybook_codec7lib_api20decode_file_to_jsonlINtNtNtCs4eoO4cHkFdT_3std2io6cursor6CursorRINtNtCs31agqjrRntl_5alloc3vec3VechEEQB1L_Es0_0CslzLlZWW49z1_18canonical_fixtures
FN:1367,_RNCINvNtCs8M7rtMEmd2k_14copybook_codec7lib_api20decode_file_to_jsonlINtNtNtCs4eoO4cHkFdT_3std2io6cursor6CursorRINtNtCs31agqjrRntl_5alloc3vec3VechEEQB1L_Es1_0CslzLlZWW49z1_18canonical_fixtures
FN:1370,_RNCINvNtCs8M7rtMEmd2k_14copybook_codec7lib_api20decode_file_to_jsonlINtNtNtCs4eoO4cHkFdT_3std2io6cursor6CursorRINtNtCs31agqjrRntl_5alloc3vec3VechEEQB1L_Es2_0CslzLlZWW49z1_18canonical_fixtures
FN:1391,_RNCINvNtCs8M7rtMEmd2k_14copybook_codec7lib_api20decode_file_to_jsonlINtNtNtCs4eoO4cHkFdT_3std2io6cursor6CursorRINtNtCs31agqjrRntl_5alloc3vec3VechEEQB1L_Es3_0CslzLlZWW49z1_18canonical_fixtures
FN:1300,_RNCINvNtCs8M7rtMEmd2k_14copybook_codec7lib_api20decode_file_to_jsonlINtNtNtCs4eoO4cHkFdT_3std2io6cursor6CursorRINtNtCs31agqjrRntl_5alloc3vec3VechEEQB1L_Es_0CslzLlZWW49z1_18canonical_fixtures
FN:1424,_RNCINvNtCs8M7rtMEmd2k_14copybook_codec7lib_api20encode_jsonl_to_fileINtNtNtCs4eoO4cHkFdT_3std2io6cursor6CursorRShEQINtNtCs31agqjrRntl_5alloc3vec3VechEE0CslzLlZWW49z1_18canonical_fixtures
FN:1441,_RNCINvNtCs8M7rtMEmd2k_14copybook_codec7lib_api20encode_jsonl_to_fileINtNtNtCs4eoO4cHkFdT_3std2io6cursor6CursorRShEQINtNtCs31agqjrRntl_5alloc3vec3VechEEs0_0CslzLlZWW49z1_18canonical_fixtures
FN:1434,_RNCINvNtCs8M7rtMEmd2k_14copybook_codec7lib_api20encode_jsonl_to_fileINtNtNtCs4eoO4cHkFdT_3std2io6cursor6CursorRShEQINtNtCs31agqjrRntl_5alloc3vec3VechEEs_0CslzLlZWW49z1_18canonical_fixtures
FN:1273,_RINvNtCs8M7rtMEmd2k_14copybook_codec7lib_api20decode_file_to_jsonlINtNtNtCs4eoO4cHkFdT_3std2io6cursor6CursorRINtNtCs31agqjrRntl_5alloc3vec3VechEEQB1J_ECs9bNFeEA8lew_34cobol_fixture_zoned_encoding_tests
FN:1283,_RNCINvNtCs8M7rtMEmd2k_14copybook_codec7lib_api20decode_file_to_jsonlINtNtNtCs4eoO4cHkFdT_3std2io6cursor6CursorRINtNtCs31agqjrRntl_5alloc3vec3VechEEQB1L_E0Cs9bNFeEA8lew_34cobol_fixture_zoned_encoding_tests
FN:1303,_RNCINvNtCs8M7rtMEmd2k_14copybook_codec7lib_api20decode_file_to_jsonlINtNtNtCs4eoO4cHkFdT_3std2io6cursor6CursorRINtNtCs31agqjrRntl_5alloc3vec3VechEEQB1L_Es0_0Cs9bNFeEA8lew_34cobol_fixture_zoned_encoding_tests
FN:1367,_RNCINvNtCs8M7rtMEmd2k_14copybook_codec7lib_api20decode_file_to_jsonlINtNtNtCs4eoO4cHkFdT_3std2io6cursor6CursorRINtNtCs31agqjrRntl_5alloc3vec3VechEEQB1L_Es1_0Cs9bNFeEA8lew_34cobol_fixture_zoned_encoding_tests
FN:1370,_RNCINvNtCs8M7rtMEmd2k_14copybook_codec7lib_api20decode_file_to_jsonlINtNtNtCs4eoO4cHkFdT_3std2io6cursor6CursorRINtNtCs31agqjrRntl_5alloc3vec3VechEEQB1L_Es2_0Cs9bNFeEA8lew_34cobol_fixture_zoned_encoding_tests
FN:1391,_RNCINvNtCs8M7rtMEmd2k_14copybook_codec7lib_api20decode_file_to_jsonlINtNtNtCs4eoO4cHkFdT_3std2io6cursor6CursorRINtNtCs31agqjrRntl_5alloc3vec3VechEEQB1L_Es3_0Cs9bNFeEA8lew_34cobol_fixture_zoned_encoding_tests
FN:1300,_RNCINvNtCs8M7rtMEmd2k_14copybook_codec7lib_api20decode_file_to_jsonlINtNtNtCs4eoO4cHkFdT_3std2io6cursor6CursorRINtNtCs31agqjrRntl_5alloc3vec3VechEEQB1L_Es_0Cs9bNFeEA8lew_34cobol_fixture_zoned_encoding_tests
FN:1273,_RINvNtCs8M7rtMEmd2k_14copybook_codec7lib_api20decode_file_to_jsonlINtNtNtCs4eoO4cHkFdT_3std2io6cursor6CursorINtNtCs31agqjrRntl_5alloc3vec3VechEEQB1I_ECshMCmDISD09f_27comprehensive_numeric_tests
FN:1273,_RINvNtCs8M7rtMEmd2k_14copybook_codec7lib_api20decode_file_to_jsonlINtNtNtCs4eoO4cHkFdT_3std2io6cursor6CursorRAhj2_EQINtNtCs31agqjrRntl_5alloc3vec3VechEECshMCmDISD09f_27comprehensive_numeric_tests
FN:1273,_RINvNtCs8M7rtMEmd2k_14copybook_codec7lib_api20decode_file_to_jsonlINtNtNtCs4eoO4cHkFdT_3std2io6cursor6CursorRAhj3_EQINtNtCs31agqjrRntl_5alloc3vec3VechEECshMCmDISD09f_27comprehensive_numeric_tests
FN:1273,_RINvNtCs8M7rtMEmd2k_14copybook_codec7lib_api20decode_file_to_jsonlINtNtNtCs4eoO4cHkFdT_3std2io6cursor6CursorRAhj5_EQINtNtCs31agqjrRntl_5alloc3vec3VechEECshMCmDISD09f_27comprehensive_numeric_tests
FN:1273,_RINvNtCs8M7rtMEmd2k_14copybook_codec7lib_api20decode_file_to_jsonlINtNtNtCs4eoO4cHkFdT_3std2io6cursor6CursorRAhj9_EQINtNtCs31agqjrRntl_5alloc3vec3VechEECshMCmDISD09f_27comprehensive_numeric_tests
FN:1273,_RINvNtCs8M7rtMEmd2k_14copybook_codec7lib_api20decode_file_to_jsonlINtNtNtCs4eoO4cHkFdT_3std2io6cursor6CursorRAhja_EQINtNtCs31agqjrRntl_5alloc3vec3VechEECshMCmDISD09f_27comprehensive_numeric_tests
FN:1273,_RINvNtCs8M7rtMEmd2k_14copybook_codec7lib_api20decode_file_to_jsonlINtNtNtCs4eoO4cHkFdT_3std2io6cursor6CursorRAhjc_EQINtNtCs31agqjrRntl_5alloc3vec3VechEECshMCmDISD09f_27comprehensive_numeric_tests
FN:1273,_RINvNtCs8M7rtMEmd2k_14copybook_codec7lib_api20decode_file_to_jsonlINtNtNtCs4eoO4cHkFdT_3std2io6cursor6CursorRAhjf_EQINtNtCs31agqjrRntl_5alloc3vec3VechEECshMCmDISD09f_27comprehensive_numeric_tests
FN:1283,_RNCINvNtCs8M7rtMEmd2k_14copybook_codec7lib_api20decode_file_to_jsonlINtNtNtCs4eoO4cHkFdT_3std2io6cursor6CursorINtNtCs31agqjrRntl_5alloc3vec3VechEEQB1K_E0CshMCmDISD09f_27comprehensive_numeric_tests
FN:1303,_RNCINvNtCs8M7rtMEmd2k_14copybook_codec7lib_api20decode_file_to_jsonlINtNtNtCs4eoO4cHkFdT_3std2io6cursor6CursorINtNtCs31agqjrRntl_5alloc3vec3VechEEQB1K_Es0_0CshMCmDISD09f_27comprehensive_numeric_tests
FN:1367,_RNCINvNtCs8M7rtMEmd2k_14copybook_codec7lib_api20decode_file_to_jsonlINtNtNtCs4eoO4cHkFdT_3std2io6cursor6CursorINtNtCs31agqjrRntl_5alloc3vec3VechEEQB1K_Es1_0CshMCmDISD09f_27comprehensive_numeric_tests
FN:1370,_RNCINvNtCs8M7rtMEmd2k_14copybook_codec7lib_api20decode_file_to_jsonlINtNtNtCs4eoO4cHkFdT_3std2io6cursor6CursorINtNtCs31agqjrRntl_5alloc3vec3VechEEQB1K_Es2_0CshMCmDISD09f_27comprehensive_numeric_tests
FN:1391,_RNCINvNtCs8M7rtMEmd2k_14copybook_codec7lib_api20decode_file_to_jsonlINtNtNtCs4eoO4cHkFdT_3std2io6cursor6CursorINtNtCs31agqjrRntl_5alloc3vec3VechEEQB1K_Es3_0CshMCmDISD09f_27comprehensive_numeric_tests
FN:1300,_RNCINvNtCs8M7rtMEmd2k_14copybook_codec7lib_api20decode_file_to_jsonlINtNtNtCs4eoO4cHkFdT_3std2io6cursor6CursorINtNtCs31agqjrRntl_5alloc3vec3VechEEQB1K_Es_0CshMCmDISD09f_27comprehensive_numeric_tests
FN:1283,_RNCINvNtCs8M7rtMEmd2k_14copybook_codec7lib_api20decode_file_to_jsonlINtNtNtCs4eoO4cHkFdT_3std2io6cursor6CursorRAhj2_EQINtNtCs31agqjrRntl_5alloc3vec3VechEE0CshMCmDISD09f_27comprehensive_numeric_tests
FN:1303,_RNCINvNtCs8M7rtMEmd2k_14copybook_codec7lib_api20decode_file_to_jsonlINtNtNtCs4eoO4cHkFdT_3std2io6cursor6CursorRAhj2_EQINtNtCs31agqjrRntl_5alloc3vec3VechEEs0_0CshMCmDISD09f_27comprehensive_numeric_tests
FN:1367,_RNCINvNtCs8M7rtMEmd2k_14copybook_codec7lib_api20decode_file_to_jsonlINtNtNtCs4eoO4cHkFdT_3std2io6cursor6CursorRAhj2_EQINtNtCs31agqjrRntl_5alloc3vec3VechEEs1_0CshMCmDISD09f_27comprehensive_numeric_tests
FN:1370,_RNCINvNtCs8M7rtMEmd2k_14copybook_codec7lib_api20decode_file_to_jsonlINtNtNtCs4eoO4cHkFdT_3std2io6cursor6CursorRAhj2_EQINtNtCs31agqjrRntl_5alloc3vec3VechEEs2_0CshMCmDISD09f_27comprehensive_numeric_tests
FN:1391,_RNCINvNtCs8M7rtMEmd2k_14copybook_codec7lib_api20decode_file_to_jsonlINtNtNtCs4eoO4cHkFdT_3std2io6cursor6CursorRAhj2_EQINtNtCs31agqjrRntl_5alloc3vec3VechEEs3_0CshMCmDISD09f_27comprehensive_numeric_tests
FN:1300,_RNCINvNtCs8M7rtMEmd2k_14copybook_codec7lib_api20decode_file_to_jsonlINtNtNtCs4eoO4cHkFdT_3std2io6cursor6CursorRAhj2_EQINtNtCs31agqjrRntl_5alloc3vec3VechEEs_0CshMCmDISD09f_27comprehensive_numeric_tests
FN:1283,_RNCINvNtCs8M7rtMEmd2k_14copybook_codec7lib_api20decode_file_to_jsonlINtNtNtCs4eoO4cHkFdT_3std2io6cursor6CursorRAhj3_EQINtNtCs31agqjrRntl_5alloc3vec3VechEE0CshMCmDISD09f_27comprehensive_numeric_tests
FN:1303,_RNCINvNtCs8M7rtMEmd2k_14copybook_codec7lib_api20decode_file_to_jsonlINtNtNtCs4eoO4cHkFdT_3std2io6cursor6CursorRAhj3_EQINtNtCs31agqjrRntl_5alloc3vec3VechEEs0_0CshMCmDISD09f_27comprehensive_numeric_tests
FN:1367,_RNCINvNtCs8M7rtMEmd2k_14copybook_codec7lib_api20decode_file_to_jsonlINtNtNtCs4eoO4cHkFdT_3std2io6cursor6CursorRAhj3_EQINtNtCs31agqjrRntl_5alloc3vec3VechEEs1_0CshMCmDISD09f_27comprehensive_numeric_tests
[...]
FN:189,_RNvMs0_NtCsbYp7nltkixR_12copybook_gen6goldenNtB5_15GoldenTestSuite3new
FN:206,_RNvMs0_NtCsbYp7nltkixR_12copybook_gen6goldenNtB5_15GoldenTestSuite8add_test
FN:213,_RNvMs0_NtCsbYp7nltkixR_12copybook_gen6goldenNtB5_15GoldenTestSuite9find_test
FN:100,_RNvMs_NtCsbYp7nltkixR_12copybook_gen6goldenNtB4_10GoldenTest10hash_bytes
FN:81,_RNvMs_NtCsbYp7nltkixR_12copybook_gen6goldenNtB4_10GoldenTest15new_with_config
FN:62,_RNvMs_NtCsbYp7nltkixR_12copybook_gen6goldenNtB4_10GoldenTest3new
FN:147,_RNvMs_NtCsbYp7nltkixR_12copybook_gen6goldenNtB4_10GoldenTest7add_tag
FN:155,_RNvMs_NtCsbYp7nltkixR_12copybook_gen6goldenNtB4_10GoldenTest7has_tag
FN:49,_RNvXNtCsbYp7nltkixR_12copybook_gen6goldenNtB2_10TestConfigNtNtCshnvtj5zUHGu_4core7default7Default7default
FN:226,_RNCNvMs0_NtCsbYp7nltkixR_12copybook_gen6goldenNtB7_15GoldenTestSuite12tests_by_tag0B9_
FN:220,_RNCNvMs0_NtCsbYp7nltkixR_12copybook_gen6goldenNtB7_15GoldenTestSuite13find_test_mut0B9_
FN:225,_RNvMs0_NtCsbYp7nltkixR_12copybook_gen6goldenNtB5_15GoldenTestSuite12tests_by_tag
FN:231,_RNvMs0_NtCsbYp7nltkixR_12copybook_gen6goldenNtB5_15GoldenTestSuite12validate_all
FN:219,_RNvMs0_NtCsbYp7nltkixR_12copybook_gen6goldenNtB5_15GoldenTestSuite13find_test_mut
FN:249,_RNvMs0_NtCsbYp7nltkixR_12copybook_gen6goldenNtB5_15GoldenTestSuite7to_json
FN:261,_RNvMs0_NtCsbYp7nltkixR_12copybook_gen6goldenNtB5_15GoldenTestSuite9from_json
FN:297,_RNvMs1_NtCsbYp7nltkixR_12copybook_gen6goldenNtB5_16ValidationResult15add_test_result
FN:289,_RNvMs1_NtCsbYp7nltkixR_12copybook_gen6goldenNtB5_16ValidationResult3new
FN:314,_RNvMs1_NtCsbYp7nltkixR_12copybook_gen6goldenNtB5_16ValidationResult7summary
FN:108,_RNvMs_NtCsbYp7nltkixR_12copybook_gen6goldenNtB4_10GoldenTest11hash_string
FN:114,_RNvMs_NtCsbYp7nltkixR_12copybook_gen6goldenNtB4_10GoldenTest15validate_output
FN:135,_RNvMs_NtCsbYp7nltkixR_12copybook_gen6goldenNtB4_10GoldenTest20update_expected_hash
FN:125,_RNvMs_NtCsbYp7nltkixR_12copybook_gen6goldenNtB4_10GoldenTest22validate_string_output
FN:141,_RNvMs_NtCsbYp7nltkixR_12copybook_gen6goldenNtB4_10GoldenTest27update_expected_string_hash
FN:352,_RNvNtCsbYp7nltkixR_12copybook_gen6golden26generate_performance_suite
FN:331,_RNvNtCsbYp7nltkixR_12copybook_gen6golden28generate_comprehensive_suite
FN:366,_RNvNtCsbYp7nltkixR_12copybook_gen6golden28generate_negative_test_suite
FN:324,_RNvXs2_NtCsbYp7nltkixR_12copybook_gen6goldenNtB5_16ValidationResultNtNtCshnvtj5zUHGu_4core7default7Default7default
FNDA:26,_RNCNvMs0_NtCsbYp7nltkixR_12copybook_gen6goldenNtB7_15GoldenTestSuite9find_test0B9_
FNDA:15,_RNvMs0_NtCsbYp7nltkixR_12copybook_gen6goldenNtB5_15GoldenTestSuite3new
FNDA:70,_RNvMs0_NtCsbYp7nltkixR_12copybook_gen6goldenNtB5_15GoldenTestSuite8add_test
FNDA:11,_RNvMs0_NtCsbYp7nltkixR_12copybook_gen6goldenNtB5_15GoldenTestSuite9find_test
FNDA:71,_RNvMs_NtCsbYp7nltkixR_12copybook_gen6goldenNtB4_10GoldenTest10hash_bytes
FNDA:20,_RNvMs_NtCsbYp7nltkixR_12copybook_gen6goldenNtB4_10GoldenTest15new_with_config
FNDA:51,_RNvMs_NtCsbYp7nltkixR_12copybook_gen6goldenNtB4_10GoldenTest3new
FNDA:160,_RNvMs_NtCsbYp7nltkixR_12copybook_gen6goldenNtB4_10GoldenTest7add_tag
FNDA:8,_RNvMs_NtCsbYp7nltkixR_12copybook_gen6goldenNtB4_10GoldenTest7has_tag
FNDA:51,_RNvXNtCsbYp7nltkixR_12copybook_gen6goldenNtB2_10TestConfigNtNtCshnvtj5zUHGu_4core7default7Default7default
FNDA:0,_RNCNvMs0_NtCsbYp7nltkixR_12copybook_gen6goldenNtB7_15GoldenTestSuite12tests_by_tag0B9_
FNDA:0,_RNCNvMs0_NtCsbYp7nltkixR_12copybook_gen6goldenNtB7_15GoldenTestSuite13find_test_mut0B9_
FNDA:0,_RNvMs0_NtCsbYp7nltkixR_12copybook_gen6goldenNtB5_15GoldenTestSuite12tests_by_tag
FNDA:0,_RNvMs0_NtCsbYp7nltkixR_12copybook_gen6goldenNtB5_15GoldenTestSuite12validate_all
FNDA:0,_RNvMs0_NtCsbYp7nltkixR_12copybook_gen6goldenNtB5_15GoldenTestSuite13find_test_mut
FNDA:0,_RNvMs0_NtCsbYp7nltkixR_12copybook_gen6goldenNtB5_15GoldenTestSuite7to_json
FNDA:0,_RNvMs0_NtCsbYp7nltkixR_12copybook_gen6goldenNtB5_15GoldenTestSuite9from_json
FNDA:0,_RNvMs1_NtCsbYp7nltkixR_12copybook_gen6goldenNtB5_16ValidationResult15add_test_result
FNDA:0,_RNvMs1_NtCsbYp7nltkixR_12copybook_gen6goldenNtB5_16ValidationResult3new
FNDA:0,_RNvMs1_NtCsbYp7nltkixR_12copybook_gen6goldenNtB5_16ValidationResult7summary
FNDA:0,_RNvMs_NtCsbYp7nltkixR_12copybook_gen6goldenNtB4_10GoldenTest11hash_string
FNDA:0,_RNvMs_NtCsbYp7nltkixR_12copybook_gen6goldenNtB4_10GoldenTest15validate_output
FNDA:0,_RNvMs_NtCsbYp7nltkixR_12copybook_gen6goldenNtB4_10GoldenTest20update_expected_hash
FNDA:0,_RNvMs_NtCsbYp7nltkixR_12copybook_gen6goldenNtB4_10GoldenTest22validate_string_output
FNDA:0,_RNvMs_NtCsbYp7nltkixR_12copybook_gen6goldenNtB4_10GoldenTest27update_expected_string_hash
FNDA:0,_RNvNtCsbYp7nltkixR_12copybook_gen6golden26generate_performance_suite
FNDA:0,_RNvNtCsbYp7nltkixR_12copybook_gen6golden28generate_comprehensive_suite
FNDA:0,_RNvNtCsbYp7nltkixR_12copybook_gen6golden28generate_negative_test_suite
FNDA:0,_RNvXs2_NtCsbYp7nltkixR_12copybook_gen6goldenNtB5_16ValidationResultNtNtCshnvtj5zUHGu_4core7default7Default7default
FNF:29
FNH:10
DA:49,51
DA:50,51
DA:51,51
DA:52,51
DA:53,51
DA:54,51
DA:55,51
DA:56,51
DA:62,51
DA:63,51
DA:65,51
DA:66,51
DA:67,51
DA:68,51
DA:69,51
DA:70,51
DA:71,51
DA:72,51
DA:73,51
DA:74,51
DA:75,51
DA:76,51
DA:77,51
DA:81,20
DA:82,20
DA:84,20
DA:85,20
DA:86,20
DA:87,20
DA:88,20
DA:89,20
DA:90,20
DA:91,20
DA:92,20
DA:93,20
DA:94,20
DA:95,20
DA:96,20
DA:100,71
DA:101,71
DA:102,71
DA:103,71
DA:104,71
DA:108,0
DA:109,0
DA:110,0
DA:114,0
DA:115,0
DA:116,0
DA:117,0
DA:119,0
DA:121,0
DA:125,0
DA:126,0
DA:127,0
DA:128,0
DA:130,0
DA:132,0
DA:135,0
DA:136,0
DA:137,0
DA:138,0
DA:141,0
DA:142,0
DA:143,0
DA:144,0
DA:147,160
DA:148,160
DA:149,160
DA:150,160
DA:151,160
DA:155,8
DA:156,8
DA:157,8
DA:189,15
DA:190,15
DA:192,15
DA:193,15
DA:194,15
DA:195,15
DA:196,15
DA:197,15
DA:198,15
DA:199,15
DA:200,15
DA:201,15
DA:202,15
DA:203,15
DA:206,70
DA:207,70
DA:208,70
DA:209,70
DA:213,11
DA:214,26
DA:215,11
DA:219,0
DA:220,0
DA:221,0
DA:225,0
DA:226,0
DA:227,0
DA:231,0
DA:232,0
DA:234,0
DA:235,0
DA:236,0
DA:237,0
DA:239,0
DA:240,0
DA:249,0
DA:250,0
DA:251,0
DA:261,0
DA:262,0
DA:263,0
DA:289,0
DA:290,0
DA:291,0
DA:292,0
DA:293,0
DA:294,0
DA:297,0
DA:298,0
DA:299,0
DA:300,0
DA:301,0
DA:302,0
DA:303,0
DA:304,0
DA:307,0
DA:308,0
DA:309,0
DA:310,0
DA:314,0
DA:315,0
DA:316,0
DA:317,0
DA:319,0
DA:320,0
DA:324,0
DA:325,0
DA:326,0
DA:331,0
DA:332,0
DA:333,0
DA:334,0
DA:338,0
DA:339,0
DA:340,0
DA:341,0
DA:342,0
DA:347,0
DA:348,0
DA:352,0
DA:353,0
DA:355,0
DA:356,0
DA:357,0
DA:358,0
DA:359,0
DA:361,0
DA:362,0
DA:366,0
DA:367,0
DA:368,0
DA:369,0
DA:372,0
DA:373,0
DA:374,0
DA:375,0
DA:376,0
DA:378,0
DA:379,0
BRF:0
BRH:0
LF:176
LH:73
end_of_record
SF:/home/steven/code/Rust/copybook-rs/copybook-gen/src/lib.rs
FN:51,_RNvCsbYp7nltkixR_12copybook_gen17generate_copybook
FN:82,_RNvCsbYp7nltkixR_12copybook_gen18create_golden_test
FN:117,_RNvCsbYp7nltkixR_12copybook_gen26generate_invalid_copybooks
FN:57,_RNvCsbYp7nltkixR_12copybook_gen31generate_copybook_with_template
FN:171,_RNvMs_CsbYp7nltkixR_12copybook_genNtB4_16TestSuiteBuilder12add_odo_test
FN:152,_RNvMs_CsbYp7nltkixR_12copybook_genNtB4_16TestSuiteBuilder15add_simple_test
FN:161,_RNvMs_CsbYp7nltkixR_12copybook_genNtB4_16TestSuiteBuilder18add_redefines_test
FN:136,_RNvMs_CsbYp7nltkixR_12copybook_genNtB4_16TestSuiteBuilder3new
FN:200,_RNvMs_CsbYp7nltkixR_12copybook_genNtB4_16TestSuiteBuilder5build
FN:39,_RNvXCsbYp7nltkixR_12copybook_genNtB2_15GeneratorConfigNtNtCshnvtj5zUHGu_4core7default7Default7default
FN:244,_RNCNvNtCsbYp7nltkixR_12copybook_gen5testss_31test_generate_invalid_copybooks0B5_
FN:249,_RNCNvNtCsbYp7nltkixR_12copybook_gen5testss_31test_generate_invalid_copybookss_0B5_
FN:263,_RNvNtCsbYp7nltkixR_12copybook_gen5testss_23test_test_suite_builder
FN:254,_RNvNtCsbYp7nltkixR_12copybook_gen5testss_25test_golden_test_creation
FN:278,_RNvNtCsbYp7nltkixR_12copybook_gen5testss_29test_deterministic_generation
FN:210,_RNvNtCsbYp7nltkixR_12copybook_gen5testss_29test_generate_simple_copybook
FN:236,_RNvNtCsbYp7nltkixR_12copybook_gen5testss_31test_generate_invalid_copybooks
FN:219,_RNvNtCsbYp7nltkixR_12copybook_gen5testss_32test_generate_copybook_templates
FN:66,_RNvCsbYp7nltkixR_12copybook_gen13generate_data
FN:123,_RNvCsbYp7nltkixR_12copybook_gen23generate_corrupted_data
FN:72,_RNvCsbYp7nltkixR_12copybook_gen27generate_data_with_strategy
FN:111,_RNvCsbYp7nltkixR_12copybook_gen28generate_negative_test_suite
FN:88,_RNvCsbYp7nltkixR_12copybook_gen30create_golden_test_with_config
FN:105,_RNvCsbYp7nltkixR_12copybook_gen31generate_performance_test_suite
FN:99,_RNvCsbYp7nltkixR_12copybook_gen33generate_comprehensive_test_suite
FN:145,_RNvMs_CsbYp7nltkixR_12copybook_genNtB4_16TestSuiteBuilder11with_config
FN:190,_RNvMs_CsbYp7nltkixR_12copybook_genNtB4_16TestSuiteBuilder17add_negative_test
FN:180,_RNvMs_CsbYp7nltkixR_12copybook_genNtB4_16TestSuiteBuilder20add_performance_test
FNDA:3,_RNvCsbYp7nltkixR_12copybook_gen17generate_copybook
FNDA:1,_RNvCsbYp7nltkixR_12copybook_gen18create_golden_test
FNDA:1,_RNvCsbYp7nltkixR_12copybook_gen26generate_invalid_copybooks
FNDA:7,_RNvCsbYp7nltkixR_12copybook_gen31generate_copybook_with_template
FNDA:1,_RNvMs_CsbYp7nltkixR_12copybook_genNtB4_16TestSuiteBuilder12add_odo_test
FNDA:1,_RNvMs_CsbYp7nltkixR_12copybook_genNtB4_16TestSuiteBuilder15add_simple_test
FNDA:1,_RNvMs_CsbYp7nltkixR_12copybook_genNtB4_16TestSuiteBuilder18add_redefines_test
FNDA:1,_RNvMs_CsbYp7nltkixR_12copybook_genNtB4_16TestSuiteBuilder3new
FNDA:1,_RNvMs_CsbYp7nltkixR_12copybook_genNtB4_16TestSuiteBuilder5build
FNDA:11,_RNvXCsbYp7nltkixR_12copybook_genNtB2_15GeneratorConfigNtNtCshnvtj5zUHGu_4core7default7Default7default
FNDA:1,_RNCNvNtCsbYp7nltkixR_12copybook_gen5testss_31test_generate_invalid_copybooks0B5_
FNDA:3,_RNCNvNtCsbYp7nltkixR_12copybook_gen5testss_31test_generate_invalid_copybookss_0B5_
FNDA:1,_RNvNtCsbYp7nltkixR_12copybook_gen5testss_23test_test_suite_builder
FNDA:1,_RNvNtCsbYp7nltkixR_12copybook_gen5testss_25test_golden_test_creation
FNDA:1,_RNvNtCsbYp7nltkixR_12copybook_gen5testss_29test_deterministic_generation
FNDA:1,_RNvNtCsbYp7nltkixR_12copybook_gen5testss_29test_generate_simple_copybook
FNDA:1,_RNvNtCsbYp7nltkixR_12copybook_gen5testss_31test_generate_invalid_copybooks
FNDA:1,_RNvNtCsbYp7nltkixR_12copybook_gen5testss_32test_generate_copybook_templates
FNDA:0,_RNvCsbYp7nltkixR_12copybook_gen13generate_data
FNDA:0,_RNvCsbYp7nltkixR_12copybook_gen23generate_corrupted_data
FNDA:0,_RNvCsbYp7nltkixR_12copybook_gen27generate_data_with_strategy
FNDA:0,_RNvCsbYp7nltkixR_12copybook_gen28generate_negative_test_suite
FNDA:0,_RNvCsbYp7nltkixR_12copybook_gen30create_golden_test_with_config
FNDA:0,_RNvCsbYp7nltkixR_12copybook_gen31generate_performance_test_suite
FNDA:0,_RNvCsbYp7nltkixR_12copybook_gen33generate_comprehensive_test_suite
FNDA:0,_RNvMs_CsbYp7nltkixR_12copybook_genNtB4_16TestSuiteBuilder11with_config
FNDA:0,_RNvMs_CsbYp7nltkixR_12copybook_genNtB4_16TestSuiteBuilder17add_negative_test
FNDA:0,_RNvMs_CsbYp7nltkixR_12copybook_genNtB4_16TestSuiteBuilder20add_performance_test
FNF:28
FNH:18
DA:39,11
DA:40,11
DA:41,11
DA:42,11
DA:43,11
DA:44,11
DA:45,11
DA:46,11
DA:51,3
DA:52,3
DA:53,3
DA:57,7
DA:58,7
DA:59,7
DA:60,7
DA:61,7
DA:62,7
DA:66,0
DA:67,0
DA:68,0
DA:72,0
DA:73,0
DA:74,0
DA:75,0
DA:76,0
DA:77,0
DA:78,0
DA:82,1
DA:83,1
DA:84,1
DA:88,0
DA:89,0
DA:90,0
DA:91,0
DA:92,0
DA:93,0
DA:94,0
DA:95,0
DA:99,0
DA:100,0
DA:101,0
DA:105,0
DA:106,0
DA:107,0
DA:111,0
DA:112,0
DA:113,0
DA:117,1
DA:118,1
DA:119,1
DA:123,0
DA:124,0
DA:125,0
DA:136,1
DA:137,1
DA:138,1
DA:139,1
DA:140,1
DA:141,1
DA:145,0
DA:146,0
DA:147,0
DA:148,0
DA:152,1
DA:153,1
DA:154,1
DA:155,1
DA:156,1
DA:157,1
DA:161,1
DA:162,1
DA:163,1
DA:164,1
DA:165,1
DA:166,1
DA:167,1
DA:171,1
DA:172,1
DA:173,1
DA:174,1
DA:175,1
DA:176,1
DA:180,0
DA:181,0
DA:182,0
DA:183,0
DA:184,0
DA:185,0
DA:186,0
DA:190,0
DA:191,0
DA:192,0
DA:193,0
DA:194,0
DA:195,0
DA:196,0
DA:200,1
DA:201,1
DA:202,1
DA:210,1
DA:211,1
DA:212,1
DA:214,1
DA:215,1
DA:216,1
DA:219,1
DA:220,1
DA:222,1
DA:223,1
DA:225,1
DA:226,1
DA:228,1
DA:229,1
DA:231,1
DA:232,1
DA:233,1
DA:236,1
DA:237,1
DA:238,1
DA:240,1
DA:241,1
DA:242,1
DA:243,1
DA:244,1
DA:246,1
DA:247,1
DA:248,1
DA:249,3
DA:251,1
DA:254,1
DA:255,1
DA:257,1
DA:258,1
DA:259,1
DA:260,1
DA:263,1
DA:264,1
DA:265,1
DA:266,1
DA:267,1
DA:268,1
DA:270,1
DA:271,1
DA:272,1
DA:273,1
DA:274,1
DA:275,1
DA:278,1
DA:279,1
DA:280,1
DA:281,1
DA:282,1
DA:283,1
DA:284,1
DA:285,1
DA:286,1
DA:288,1
DA:289,1
DA:291,1
DA:292,1
BRF:0
BRH:0
LF:162
LH:114
end_of_record
SF:/home/steven/code/Rust/copybook-rs/copybook-gen/src/test_generation.rs
FN:434,_RNvNtNtCsbYp7nltkixR_12copybook_gen15test_generation5testss_29test_deterministic_generation
FN:411,_RNvNtNtCsbYp7nltkixR_12copybook_gen15test_generation5testss_29test_generate_codepage_matrix
FN:372,_RNvNtNtCsbYp7nltkixR_12copybook_gen15test_generation5testss_31test_generate_field_type_matrix
FN:399,_RNvNtNtCsbYp7nltkixR_12copybook_gen15test_generation5testss_33test_generate_negative_test_cases
FN:384,_RNvNtNtCsbYp7nltkixR_12copybook_gen15test_generation5testss_34test_generate_performance_datasets
FN:422,_RNvNtNtCsbYp7nltkixR_12copybook_gen15test_generation5testss_35test_complete_test_suite_generation
FN:347,_RNvNtCsbYp7nltkixR_12copybook_gen15test_generation21calculate_suite_stats
FN:48,_RNvNtCsbYp7nltkixR_12copybook_gen15test_generation24generate_edge_case_suite
FN:233,_RNvNtCsbYp7nltkixR_12copybook_gen15test_generation25generate_round_trip_tests
FN:282,_RNvNtCsbYp7nltkixR_12copybook_gen15test_generation26generate_determinism_tests
FN:12,_RNvNtCsbYp7nltkixR_12copybook_gen15test_generation26generate_field_type_matrix
FN:324,_RNvNtCsbYp7nltkixR_12copybook_gen15test_generation28generate_complete_test_suite
FN:121,_RNvNtCsbYp7nltkixR_12copybook_gen15test_generation28generate_negative_test_cases
FN:190,_RNvNtCsbYp7nltkixR_12copybook_gen15test_generation29generate_codepage_test_matrix
FN:81,_RNvNtCsbYp7nltkixR_12copybook_gen15test_generation29generate_performance_datasets
FN:149,_RNvNtCsbYp7nltkixR_12copybook_gen15test_generation30generate_corruption_test_cases
FNDA:1,_RNvNtNtCsbYp7nltkixR_12copybook_gen15test_generation5testss_29test_deterministic_generation
FNDA:1,_RNvNtNtCsbYp7nltkixR_12copybook_gen15test_generation5testss_29test_generate_codepage_matrix
FNDA:1,_RNvNtNtCsbYp7nltkixR_12copybook_gen15test_generation5testss_31test_generate_field_type_matrix
FNDA:1,_RNvNtNtCsbYp7nltkixR_12copybook_gen15test_generation5testss_33test_generate_negative_test_cases
FNDA:1,_RNvNtNtCsbYp7nltkixR_12copybook_gen15test_generation5testss_34test_generate_performance_datasets
FNDA:1,_RNvNtNtCsbYp7nltkixR_12copybook_gen15test_generation5testss_35test_complete_test_suite_generation
FNDA:1,_RNvNtCsbYp7nltkixR_12copybook_gen15test_generation21calculate_suite_stats
FNDA:1,_RNvNtCsbYp7nltkixR_12copybook_gen15test_generation24generate_edge_case_suite
FNDA:1,_RNvNtCsbYp7nltkixR_12copybook_gen15test_generation25generate_round_trip_tests
FNDA:1,_RNvNtCsbYp7nltkixR_12copybook_gen15test_generation26generate_determinism_tests
FNDA:4,_RNvNtCsbYp7nltkixR_12copybook_gen15test_generation26generate_field_type_matrix
FNDA:1,_RNvNtCsbYp7nltkixR_12copybook_gen15test_generation28generate_complete_test_suite
FNDA:2,_RNvNtCsbYp7nltkixR_12copybook_gen15test_generation28generate_negative_test_cases
FNDA:2,_RNvNtCsbYp7nltkixR_12copybook_gen15test_generation29generate_codepage_test_matrix
FNDA:2,_RNvNtCsbYp7nltkixR_12copybook_gen15test_generation29generate_performance_datasets
FNDA:1,_RNvNtCsbYp7nltkixR_12copybook_gen15test_generation30generate_corruption_test_cases
FNF:16
FNH:16
DA:12,4
DA:13,4
DA:14,4
DA:15,4
DA:18,4
DA:19,4
DA:20,4
DA:21,4
DA:22,4
DA:23,4
DA:26,4
DA:27,4
DA:28,4
DA:29,4
DA:30,4
DA:31,4
DA:32,4
DA:35,28
DA:36,24
DA:37,24
DA:38,24
DA:39,24
DA:40,24
DA:41,24
DA:43,4
DA:44,4
DA:48,1
DA:49,1
DA:50,1
DA:52,1
DA:53,1
DA:54,1
DA:55,1
DA:56,1
DA:57,1
DA:60,1
DA:61,1
DA:62,1
DA:63,1
DA:64,1
DA:65,1
DA:66,1
DA:68,5
DA:69,5
DA:70,5
DA:71,5
DA:72,5
DA:73,5
DA:74,5
DA:76,1
DA:77,1
DA:81,2
DA:82,2
DA:83,2
DA:84,2
DA:88,2
DA:89,2
DA:90,2
DA:91,2
DA:92,2
DA:93,2
DA:95,2
DA:96,2
DA:97,2
DA:99,2
DA:100,2
DA:101,2
DA:102,2
DA:103,2
DA:106,2
DA:107,2
DA:108,2
DA:110,2
DA:111,2
DA:112,2
DA:113,2
DA:114,2
DA:116,2
DA:117,2
DA:121,2
DA:122,2
DA:123,2
DA:124,2
DA:127,2
DA:128,2
DA:129,2
DA:130,2
DA:131,2
DA:132,2
DA:135,2
DA:136,12
DA:137,10
DA:138,10
DA:139,10
DA:140,10
DA:141,10
DA:142,10
DA:144,2
DA:145,2
DA:149,1
DA:150,1
DA:152,1
DA:153,1
DA:154,1
DA:155,1
DA:156,1
DA:157,1
DA:160,1
DA:161,1
DA:162,1
DA:165,1
DA:166,1
DA:167,1
DA:168,1
DA:169,1
DA:172,5
DA:173,4
DA:174,4
DA:175,4
DA:176,4
DA:177,4
DA:178,4
DA:179,4
DA:180,4
DA:181,4
DA:182,4
DA:183,4
DA:185,1
DA:186,1
DA:190,2
DA:191,2
DA:192,2
DA:193,2
DA:196,2
DA:197,2
DA:198,2
DA:199,2
DA:200,2
DA:201,2
DA:203,2
DA:204,2
DA:207,2
DA:209,14
DA:210,12
DA:211,12
DA:212,12
DA:213,12
DA:214,12
DA:215,12
DA:216,12
DA:217,12
DA:218,12
DA:219,12
DA:220,12
DA:221,12
DA:222,12
DA:223,12
DA:224,12
DA:225,12
DA:226,12
DA:228,2
DA:229,2
DA:233,1
DA:234,1
DA:235,1
DA:236,1
DA:239,1
DA:240,1
DA:241,1
DA:242,1
DA:243,1
DA:244,1
DA:247,1
DA:248,1
DA:249,1
DA:250,1
DA:251,1
DA:252,1
DA:254,4
DA:255,4
DA:256,4
DA:257,4
DA:258,4
DA:259,4
DA:260,4
DA:261,4
DA:262,4
DA:263,4
DA:264,4
DA:265,4
DA:266,4
DA:267,4
DA:268,4
DA:269,4
DA:270,4
DA:271,4
DA:272,4
DA:273,4
DA:274,4
DA:275,4
DA:277,1
DA:278,1
DA:282,1
DA:283,1
DA:284,1
DA:285,1
DA:288,1
DA:289,1
DA:290,1
DA:291,1
DA:292,1
DA:293,1
DA:295,1
DA:296,1
DA:299,5
DA:300,4
DA:301,4
DA:302,4
DA:303,4
DA:304,4
DA:305,4
DA:306,4
DA:307,4
DA:308,4
DA:309,4
DA:310,4
DA:311,4
DA:312,4
DA:313,4
DA:314,4
DA:315,4
DA:316,4
DA:317,4
DA:319,1
DA:320,1
DA:324,1
DA:325,1
DA:326,1
DA:327,1
DA:328,1
DA:329,1
DA:330,1
DA:331,1
DA:332,1
DA:333,1
DA:335,1
DA:347,1
DA:348,1
DA:349,1
DA:350,1
DA:351,1
DA:352,1
DA:354,9
DA:355,8
DA:357,44
DA:358,163
DA:359,127
DA:360,127
DA:364,1
DA:365,1
DA:372,1
DA:373,1
DA:374,1
DA:375,1
DA:378,1
DA:379,1
DA:380,1
DA:381,1
DA:384,1
DA:385,1
DA:386,1
DA:388,1
DA:389,1
DA:390,1
DA:391,1
DA:393,1
DA:394,1
DA:395,1
DA:396,1
DA:399,1
DA:400,1
DA:401,1
DA:402,1
DA:405,6
DA:406,5
DA:408,1
DA:411,1
DA:412,1
DA:413,1
DA:416,1
DA:417,1
DA:418,1
DA:419,1
DA:422,1
DA:423,1
DA:424,1
DA:426,1
DA:427,1
DA:428,1
DA:429,1
DA:430,1
DA:431,1
DA:434,1
DA:435,1
DA:436,1
DA:439,1
DA:441,6
DA:442,6
DA:443,6
DA:445,1
BRF:0
BRH:0
LF:310
LH:310
end_of_record
SF:/home/steven/code/Rust/copybook-rs/xtask/src/main.rs
FN:172,_RNvCs1Matjt8ROfg_5xtask11run_command
FN:99,_RNvCs1Matjt8ROfg_5xtask12run_fixtures
FN:134,_RNvCs1Matjt8ROfg_5xtask12run_validate
FN:50,_RNvCs1Matjt8ROfg_5xtask4main
FN:67,_RNvCs1Matjt8ROfg_5xtask6run_ci
FN:85,_RNvCs1Matjt8ROfg_5xtask9run_bench
FN:155,_RNvCs1Matjt8ROfg_5xtask9run_clean
FNDA:0,_RNvCs1Matjt8ROfg_5xtask11run_command
FNDA:0,_RNvCs1Matjt8ROfg_5xtask12run_fixtures
FNDA:0,_RNvCs1Matjt8ROfg_5xtask12run_validate
FNDA:0,_RNvCs1Matjt8ROfg_5xtask4main
FNDA:0,_RNvCs1Matjt8ROfg_5xtask6run_ci
FNDA:0,_RNvCs1Matjt8ROfg_5xtask9run_bench
FNDA:0,_RNvCs1Matjt8ROfg_5xtask9run_clean
FNF:7
FNH:0
DA:50,0
DA:51,0
DA:53,0
DA:54,0
DA:55,0
DA:56,0
DA:57,0
DA:58,0
DA:61,0
DA:62,0
DA:63,0
DA:64,0
DA:65,0
DA:67,0
DA:68,0
DA:71,0
DA:72,0
DA:73,0
DA:74,0
DA:76,0
DA:77,0
DA:78,0
DA:79,0
DA:81,0
DA:82,0
DA:83,0
DA:85,0
DA:86,0
DA:87,0
DA:88,0
DA:90,0
DA:91,0
DA:92,0
DA:95,0
DA:96,0
DA:97,0
DA:99,0
DA:100,0
DA:102,0
DA:103,0
DA:104,0
DA:105,0
DA:106,0
DA:107,0
DA:108,0
DA:109,0
DA:110,0
DA:111,0
DA:112,0
DA:113,0
DA:114,0
DA:116,0
DA:117,0
DA:118,0
DA:119,0
DA:120,0
DA:121,0
DA:122,0
DA:123,0
DA:124,0
DA:125,0
DA:126,0
DA:127,0
DA:130,0
DA:131,0
DA:132,0
DA:134,0
DA:135,0
DA:137,0
DA:138,0
DA:139,0
DA:140,0
DA:141,0
DA:142,0
DA:143,0
DA:144,0
DA:145,0
DA:146,0
DA:147,0
DA:148,0
DA:149,0
DA:151,0
DA:152,0
DA:153,0
DA:155,0
DA:156,0
DA:158,0
DA:160,0
DA:161,0
DA:163,0
DA:164,0
DA:165,0
DA:166,0
DA:168,0
DA:169,0
DA:170,0
DA:172,0
DA:173,0
DA:175,0
DA:176,0
DA:177,0
DA:179,0
DA:180,0
BRF:0
BRH:0
LF:103
LH:0
end_of_record